{"C:\\Users\\Gunny\\Downloads\\SpeechAnalysisApp\\ai\\server.js": {"path":"C:\\Users\\Gunny\\Downloads\\SpeechAnalysisApp\\ai\\server.js","statementMap":{"0":{"start":{"line":2,"column":0},"end":{"line":2,"column":27}},"1":{"start":{"line":5,"column":16},"end":{"line":5,"column":34}},"2":{"start":{"line":6,"column":13},"end":{"line":6,"column":28}},"3":{"start":{"line":7,"column":13},"end":{"line":7,"column":28}},"4":{"start":{"line":8,"column":40},"end":{"line":8,"column":73}},"5":{"start":{"line":9,"column":26},"end":{"line":9,"column":57}},"6":{"start":{"line":12,"column":0},"end":{"line":12,"column":53}},"7":{"start":{"line":13,"column":0},"end":{"line":13,"column":42}},"8":{"start":{"line":14,"column":0},"end":{"line":14,"column":53}},"9":{"start":{"line":15,"column":0},"end":{"line":15,"column":52}},"10":{"start":{"line":16,"column":0},"end":{"line":16,"column":70}},"11":{"start":{"line":17,"column":0},"end":{"line":17,"column":97}},"12":{"start":{"line":18,"column":0},"end":{"line":18,"column":70}},"13":{"start":{"line":19,"column":0},"end":{"line":19,"column":53}},"14":{"start":{"line":22,"column":0},"end":{"line":26,"column":3}},"15":{"start":{"line":29,"column":12},"end":{"line":29,"column":21}},"16":{"start":{"line":32,"column":0},"end":{"line":32,"column":16}},"17":{"start":{"line":33,"column":0},"end":{"line":33,"column":24}},"18":{"start":{"line":36,"column":0},"end":{"line":36,"column":48}},"19":{"start":{"line":37,"column":0},"end":{"line":37,"column":44}},"20":{"start":{"line":40,"column":0},"end":{"line":48,"column":3}},"21":{"start":{"line":41,"column":4},"end":{"line":47,"column":7}},"22":{"start":{"line":51,"column":0},"end":{"line":57,"column":3}},"23":{"start":{"line":52,"column":4},"end":{"line":52,"column":33}},"24":{"start":{"line":53,"column":4},"end":{"line":56,"column":7}},"25":{"start":{"line":60,"column":0},"end":{"line":62,"column":3}},"26":{"start":{"line":61,"column":4},"end":{"line":61,"column":56}},"27":{"start":{"line":65,"column":0},"end":{"line":65,"column":21}}},"fnMap":{"0":{"name":"(anonymous_0)","decl":{"start":{"line":40,"column":19},"end":{"line":40,"column":20}},"loc":{"start":{"line":40,"column":33},"end":{"line":48,"column":1}},"line":40},"1":{"name":"(anonymous_1)","decl":{"start":{"line":51,"column":8},"end":{"line":51,"column":9}},"loc":{"start":{"line":51,"column":33},"end":{"line":57,"column":1}},"line":51},"2":{"name":"(anonymous_2)","decl":{"start":{"line":60,"column":13},"end":{"line":60,"column":14}},"loc":{"start":{"line":60,"column":27},"end":{"line":62,"column":1}},"line":60}},"branchMap":{"0":{"loc":{"start":{"line":17,"column":41},"end":{"line":17,"column":95}},"type":"cond-expr","locations":[{"start":{"line":17,"column":74},"end":{"line":17,"column":83}},{"start":{"line":17,"column":86},"end":{"line":17,"column":95}}],"line":17},"1":{"loc":{"start":{"line":23,"column":20},"end":{"line":23,"column":74}},"type":"cond-expr","locations":[{"start":{"line":23,"column":53},"end":{"line":23,"column":62}},{"start":{"line":23,"column":65},"end":{"line":23,"column":74}}],"line":23},"2":{"loc":{"start":{"line":24,"column":20},"end":{"line":24,"column":74}},"type":"cond-expr","locations":[{"start":{"line":24,"column":53},"end":{"line":24,"column":62}},{"start":{"line":24,"column":65},"end":{"line":24,"column":74}}],"line":24},"3":{"loc":{"start":{"line":25,"column":20},"end":{"line":25,"column":70}},"type":"cond-expr","locations":[{"start":{"line":25,"column":49},"end":{"line":25,"column":58}},{"start":{"line":25,"column":61},"end":{"line":25,"column":70}}],"line":25},"4":{"loc":{"start":{"line":45,"column":24},"end":{"line":45,"column":81}},"type":"cond-expr","locations":[{"start":{"line":45,"column":57},"end":{"line":45,"column":69}},{"start":{"line":45,"column":72},"end":{"line":45,"column":81}}],"line":45}},"s":{"0":1,"1":1,"2":1,"3":1,"4":1,"5":1,"6":1,"7":1,"8":1,"9":1,"10":1,"11":1,"12":1,"13":1,"14":1,"15":1,"16":1,"17":1,"18":1,"19":1,"20":1,"21":0,"22":1,"23":0,"24":0,"25":1,"26":0,"27":1},"f":{"0":0,"1":0,"2":0},"b":{"0":[1,0],"1":[1,0],"2":[1,0],"3":[1,0],"4":[0,0]},"_coverageSchema":"1a1c01bbd47fc00a2c39e90264f33305004495a9","hash":"2b02dd62bdf6426f36f3ff7469d6293eac772f09"}
,"C:\\Users\\Gunny\\Downloads\\SpeechAnalysisApp\\ai\\routes\\analyzeSpeech.js": {"path":"C:\\Users\\Gunny\\Downloads\\SpeechAnalysisApp\\ai\\routes\\analyzeSpeech.js","statementMap":{"0":{"start":{"line":1,"column":16},"end":{"line":1,"column":34}},"1":{"start":{"line":2,"column":15},"end":{"line":2,"column":31}},"2":{"start":{"line":3,"column":23},"end":{"line":3,"column":44}},"3":{"start":{"line":4,"column":24},"end":{"line":4,"column":59}},"4":{"start":{"line":6,"column":13},"end":{"line":6,"column":17}},"5":{"start":{"line":11,"column":8},"end":{"line":11,"column":23}},"6":{"start":{"line":12,"column":8},"end":{"line":12,"column":25}},"7":{"start":{"line":13,"column":8},"end":{"line":13,"column":31}},"8":{"start":{"line":18,"column":25},"end":{"line":35,"column":1}},"9":{"start":{"line":19,"column":4},"end":{"line":25,"column":5}},"10":{"start":{"line":20,"column":8},"end":{"line":24,"column":10}},"11":{"start":{"line":26,"column":4},"end":{"line":34,"column":5}},"12":{"start":{"line":27,"column":8},"end":{"line":27,"column":21}},"13":{"start":{"line":29,"column":8},"end":{"line":33,"column":10}},"14":{"start":{"line":37,"column":0},"end":{"line":109,"column":3}},"15":{"start":{"line":38,"column":4},"end":{"line":108,"column":5}},"16":{"start":{"line":39,"column":8},"end":{"line":39,"column":45}},"17":{"start":{"line":41,"column":23},"end":{"line":41,"column":41}},"18":{"start":{"line":42,"column":26},"end":{"line":42,"column":36}},"19":{"start":{"line":43,"column":24},"end":{"line":43,"column":33}},"20":{"start":{"line":44,"column":24},"end":{"line":44,"column":25}},"21":{"start":{"line":47,"column":27},"end":{"line":49,"column":10}},"22":{"start":{"line":51,"column":8},"end":{"line":93,"column":9}},"23":{"start":{"line":53,"column":12},"end":{"line":59,"column":13}},"24":{"start":{"line":54,"column":16},"end":{"line":58,"column":19}},"25":{"start":{"line":61,"column":12},"end":{"line":92,"column":13}},"26":{"start":{"line":62,"column":31},"end":{"line":62,"column":74}},"27":{"start":{"line":63,"column":16},"end":{"line":63,"column":28}},"28":{"start":{"line":65,"column":16},"end":{"line":78,"column":17}},"29":{"start":{"line":66,"column":43},"end":{"line":66,"column":70}},"30":{"start":{"line":67,"column":41},"end":{"line":67,"column":88}},"31":{"start":{"line":69,"column":20},"end":{"line":77,"column":23}},"32":{"start":{"line":80,"column":16},"end":{"line":82,"column":17}},"33":{"start":{"line":81,"column":20},"end":{"line":81,"column":91}},"34":{"start":{"line":85,"column":16},"end":{"line":85,"column":72}},"35":{"start":{"line":85,"column":45},"end":{"line":85,"column":70}},"36":{"start":{"line":87,"column":16},"end":{"line":91,"column":18}},"37":{"start":{"line":95,"column":8},"end":{"line":95,"column":48}},"38":{"start":{"line":97,"column":27},"end":{"line":101,"column":28}},"39":{"start":{"line":103,"column":8},"end":{"line":107,"column":11}},"40":{"start":{"line":112,"column":0},"end":{"line":147,"column":3}},"41":{"start":{"line":113,"column":4},"end":{"line":146,"column":5}},"42":{"start":{"line":114,"column":29},"end":{"line":114,"column":37}},"43":{"start":{"line":116,"column":8},"end":{"line":140,"column":9}},"44":{"start":{"line":118,"column":16},"end":{"line":126,"column":19}},"45":{"start":{"line":129,"column":16},"end":{"line":133,"column":19}},"46":{"start":{"line":136,"column":16},"end":{"line":139,"column":19}},"47":{"start":{"line":142,"column":8},"end":{"line":145,"column":11}},"48":{"start":{"line":150,"column":0},"end":{"line":162,"column":3}},"49":{"start":{"line":151,"column":4},"end":{"line":161,"column":5}},"50":{"start":{"line":152,"column":26},"end":{"line":157,"column":9}},"51":{"start":{"line":158,"column":8},"end":{"line":158,"column":28}},"52":{"start":{"line":160,"column":8},"end":{"line":160,"column":64}},"53":{"start":{"line":166,"column":4},"end":{"line":307,"column":5}},"54":{"start":{"line":168,"column":8},"end":{"line":171,"column":9}},"55":{"start":{"line":169,"column":12},"end":{"line":169,"column":67}},"56":{"start":{"line":170,"column":12},"end":{"line":170,"column":59}},"57":{"start":{"line":173,"column":30},"end":{"line":173,"column":52}},"58":{"start":{"line":174,"column":28},"end":{"line":174,"column":60}},"59":{"start":{"line":175,"column":28},"end":{"line":175,"column":30}},"60":{"start":{"line":176,"column":29},"end":{"line":176,"column":31}},"61":{"start":{"line":177,"column":18},"end":{"line":177,"column":30}},"62":{"start":{"line":180,"column":26},"end":{"line":191,"column":9}},"63":{"start":{"line":181,"column":12},"end":{"line":190,"column":13}},"64":{"start":{"line":183,"column":16},"end":{"line":186,"column":28}},"65":{"start":{"line":188,"column":16},"end":{"line":188,"column":61}},"66":{"start":{"line":189,"column":16},"end":{"line":189,"column":61}},"67":{"start":{"line":194,"column":8},"end":{"line":211,"column":9}},"68":{"start":{"line":194,"column":21},"end":{"line":194,"column":22}},"69":{"start":{"line":195,"column":12},"end":{"line":210,"column":13}},"70":{"start":{"line":196,"column":36},"end":{"line":196,"column":56}},"71":{"start":{"line":197,"column":37},"end":{"line":197,"column":76}},"72":{"start":{"line":200,"column":16},"end":{"line":206,"column":17}},"73":{"start":{"line":201,"column":20},"end":{"line":201,"column":49}},"74":{"start":{"line":202,"column":23},"end":{"line":206,"column":17}},"75":{"start":{"line":203,"column":20},"end":{"line":203,"column":49}},"76":{"start":{"line":205,"column":20},"end":{"line":205,"column":109}},"77":{"start":{"line":208,"column":16},"end":{"line":208,"column":86}},"78":{"start":{"line":209,"column":16},"end":{"line":209,"column":25}},"79":{"start":{"line":214,"column":16},"end":{"line":214,"column":17}},"80":{"start":{"line":215,"column":8},"end":{"line":295,"column":9}},"81":{"start":{"line":216,"column":12},"end":{"line":294,"column":13}},"82":{"start":{"line":217,"column":30},"end":{"line":217,"column":35}},"83":{"start":{"line":220,"column":16},"end":{"line":257,"column":17}},"84":{"start":{"line":221,"column":40},"end":{"line":221,"column":57}},"85":{"start":{"line":222,"column":41},"end":{"line":222,"column":59}},"86":{"start":{"line":224,"column":20},"end":{"line":256,"column":21}},"87":{"start":{"line":225,"column":38},"end":{"line":225,"column":42}},"88":{"start":{"line":226,"column":24},"end":{"line":238,"column":25}},"89":{"start":{"line":226,"column":37},"end":{"line":226,"column":38}},"90":{"start":{"line":227,"column":41},"end":{"line":227,"column":53}},"91":{"start":{"line":228,"column":28},"end":{"line":231,"column":29}},"92":{"start":{"line":229,"column":32},"end":{"line":229,"column":48}},"93":{"start":{"line":230,"column":32},"end":{"line":230,"column":38}},"94":{"start":{"line":232,"column":45},"end":{"line":232,"column":83}},"95":{"start":{"line":234,"column":28},"end":{"line":237,"column":29}},"96":{"start":{"line":235,"column":32},"end":{"line":235,"column":48}},"97":{"start":{"line":236,"column":32},"end":{"line":236,"column":38}},"98":{"start":{"line":240,"column":24},"end":{"line":255,"column":25}},"99":{"start":{"line":241,"column":46},"end":{"line":241,"column":54}},"100":{"start":{"line":242,"column":44},"end":{"line":242,"column":71}},"101":{"start":{"line":244,"column":28},"end":{"line":251,"column":29}},"102":{"start":{"line":245,"column":32},"end":{"line":250,"column":35}},"103":{"start":{"line":252,"column":28},"end":{"line":252,"column":46}},"104":{"start":{"line":253,"column":28},"end":{"line":253,"column":43}},"105":{"start":{"line":254,"column":28},"end":{"line":254,"column":34}},"106":{"start":{"line":259,"column":16},"end":{"line":290,"column":17}},"107":{"start":{"line":260,"column":33},"end":{"line":260,"column":41}},"108":{"start":{"line":261,"column":20},"end":{"line":288,"column":21}},"109":{"start":{"line":262,"column":49},"end":{"line":262,"column":87}},"110":{"start":{"line":264,"column":24},"end":{"line":287,"column":25}},"111":{"start":{"line":265,"column":28},"end":{"line":286,"column":29}},"112":{"start":{"line":266,"column":60},"end":{"line":266,"column":63}},"113":{"start":{"line":267,"column":32},"end":{"line":276,"column":33}},"114":{"start":{"line":268,"column":36},"end":{"line":275,"column":37}},"115":{"start":{"line":269,"column":40},"end":{"line":274,"column":43}},"116":{"start":{"line":278,"column":32},"end":{"line":285,"column":33}},"117":{"start":{"line":279,"column":36},"end":{"line":284,"column":39}},"118":{"start":{"line":289,"column":20},"end":{"line":289,"column":24}},"119":{"start":{"line":292,"column":16},"end":{"line":292,"column":79}},"120":{"start":{"line":293,"column":16},"end":{"line":293,"column":20}},"121":{"start":{"line":297,"column":8},"end":{"line":300,"column":10}},"122":{"start":{"line":302,"column":8},"end":{"line":302,"column":56}},"123":{"start":{"line":303,"column":8},"end":{"line":306,"column":10}},"124":{"start":{"line":311,"column":0},"end":{"line":314,"column":2}},"125":{"start":{"line":316,"column":25},"end":{"line":323,"column":1}},"126":{"start":{"line":317,"column":4},"end":{"line":319,"column":5}},"127":{"start":{"line":318,"column":8},"end":{"line":318,"column":56}},"128":{"start":{"line":320,"column":4},"end":{"line":322,"column":7}}},"fnMap":{"0":{"name":"(anonymous_0)","decl":{"start":{"line":10,"column":4},"end":{"line":10,"column":5}},"loc":{"start":{"line":10,"column":45},"end":{"line":14,"column":5}},"line":10},"1":{"name":"(anonymous_1)","decl":{"start":{"line":18,"column":25},"end":{"line":18,"column":26}},"loc":{"start":{"line":18,"column":34},"end":{"line":35,"column":1}},"line":18},"2":{"name":"(anonymous_2)","decl":{"start":{"line":37,"column":17},"end":{"line":37,"column":18}},"loc":{"start":{"line":37,"column":37},"end":{"line":109,"column":1}},"line":37},"3":{"name":"(anonymous_3)","decl":{"start":{"line":85,"column":34},"end":{"line":85,"column":35}},"loc":{"start":{"line":85,"column":45},"end":{"line":85,"column":70}},"line":85},"4":{"name":"(anonymous_4)","decl":{"start":{"line":112,"column":21},"end":{"line":112,"column":22}},"loc":{"start":{"line":112,"column":41},"end":{"line":147,"column":1}},"line":112},"5":{"name":"(anonymous_5)","decl":{"start":{"line":150,"column":26},"end":{"line":150,"column":27}},"loc":{"start":{"line":150,"column":40},"end":{"line":162,"column":1}},"line":150},"6":{"name":"analyzeSpeech","decl":{"start":{"line":165,"column":9},"end":{"line":165,"column":22}},"loc":{"start":{"line":165,"column":30},"end":{"line":308,"column":1}},"line":165},"7":{"name":"(anonymous_7)","decl":{"start":{"line":180,"column":26},"end":{"line":180,"column":27}},"loc":{"start":{"line":180,"column":36},"end":{"line":191,"column":9}},"line":180},"8":{"name":"(anonymous_8)","decl":{"start":{"line":316,"column":25},"end":{"line":316,"column":26}},"loc":{"start":{"line":316,"column":31},"end":{"line":323,"column":1}},"line":316}},"branchMap":{"0":{"loc":{"start":{"line":10,"column":31},"end":{"line":10,"column":43}},"type":"default-arg","locations":[{"start":{"line":10,"column":41},"end":{"line":10,"column":43}}],"line":10},"1":{"loc":{"start":{"line":19,"column":4},"end":{"line":25,"column":5}},"type":"if","locations":[{"start":{"line":19,"column":4},"end":{"line":25,"column":5}},{"start":{},"end":{}}],"line":19},"2":{"loc":{"start":{"line":19,"column":8},"end":{"line":19,"column":39}},"type":"binary-expr","locations":[{"start":{"line":19,"column":8},"end":{"line":19,"column":12}},{"start":{"line":19,"column":16},"end":{"line":19,"column":39}}],"line":19},"3":{"loc":{"start":{"line":53,"column":12},"end":{"line":59,"column":13}},"type":"if","locations":[{"start":{"line":53,"column":12},"end":{"line":59,"column":13}},{"start":{},"end":{}}],"line":53},"4":{"loc":{"start":{"line":53,"column":16},"end":{"line":53,"column":67}},"type":"binary-expr","locations":[{"start":{"line":53,"column":16},"end":{"line":53,"column":48}},{"start":{"line":53,"column":52},"end":{"line":53,"column":67}}],"line":53},"5":{"loc":{"start":{"line":65,"column":16},"end":{"line":78,"column":17}},"type":"if","locations":[{"start":{"line":65,"column":16},"end":{"line":78,"column":17}},{"start":{},"end":{}}],"line":65},"6":{"loc":{"start":{"line":65,"column":20},"end":{"line":65,"column":65}},"type":"binary-expr","locations":[{"start":{"line":65,"column":20},"end":{"line":65,"column":49}},{"start":{"line":65,"column":53},"end":{"line":65,"column":65}}],"line":65},"7":{"loc":{"start":{"line":75,"column":39},"end":{"line":75,"column":63}},"type":"binary-expr","locations":[{"start":{"line":75,"column":39},"end":{"line":75,"column":58}},{"start":{"line":75,"column":62},"end":{"line":75,"column":63}}],"line":75},"8":{"loc":{"start":{"line":80,"column":16},"end":{"line":82,"column":17}},"type":"if","locations":[{"start":{"line":80,"column":16},"end":{"line":82,"column":17}},{"start":{},"end":{}}],"line":80},"9":{"loc":{"start":{"line":97,"column":27},"end":{"line":101,"column":28}},"type":"binary-expr","locations":[{"start":{"line":97,"column":27},"end":{"line":101,"column":21}},{"start":{"line":101,"column":25},"end":{"line":101,"column":28}}],"line":97},"10":{"loc":{"start":{"line":116,"column":8},"end":{"line":140,"column":9}},"type":"switch","locations":[{"start":{"line":117,"column":12},"end":{"line":126,"column":19}},{"start":{"line":128,"column":12},"end":{"line":133,"column":19}},{"start":{"line":135,"column":12},"end":{"line":139,"column":19}}],"line":116},"11":{"loc":{"start":{"line":168,"column":8},"end":{"line":171,"column":9}},"type":"if","locations":[{"start":{"line":168,"column":8},"end":{"line":171,"column":9}},{"start":{},"end":{}}],"line":168},"12":{"loc":{"start":{"line":189,"column":23},"end":{"line":189,"column":60}},"type":"cond-expr","locations":[{"start":{"line":189,"column":30},"end":{"line":189,"column":55}},{"start":{"line":189,"column":58},"end":{"line":189,"column":60}}],"line":189},"13":{"loc":{"start":{"line":196,"column":36},"end":{"line":196,"column":56}},"type":"binary-expr","locations":[{"start":{"line":196,"column":36},"end":{"line":196,"column":50}},{"start":{"line":196,"column":54},"end":{"line":196,"column":56}}],"line":196},"14":{"loc":{"start":{"line":197,"column":37},"end":{"line":197,"column":76}},"type":"cond-expr","locations":[{"start":{"line":197,"column":46},"end":{"line":197,"column":70}},{"start":{"line":197,"column":74},"end":{"line":197,"column":76}}],"line":197},"15":{"loc":{"start":{"line":197,"column":46},"end":{"line":197,"column":70}},"type":"binary-expr","locations":[{"start":{"line":197,"column":46},"end":{"line":197,"column":64}},{"start":{"line":197,"column":68},"end":{"line":197,"column":70}}],"line":197},"16":{"loc":{"start":{"line":200,"column":16},"end":{"line":206,"column":17}},"type":"if","locations":[{"start":{"line":200,"column":16},"end":{"line":206,"column":17}},{"start":{"line":202,"column":23},"end":{"line":206,"column":17}}],"line":200},"17":{"loc":{"start":{"line":202,"column":23},"end":{"line":206,"column":17}},"type":"if","locations":[{"start":{"line":202,"column":23},"end":{"line":206,"column":17}},{"start":{"line":204,"column":23},"end":{"line":206,"column":17}}],"line":202},"18":{"loc":{"start":{"line":205,"column":37},"end":{"line":205,"column":108}},"type":"cond-expr","locations":[{"start":{"line":205,"column":71},"end":{"line":205,"column":88}},{"start":{"line":205,"column":91},"end":{"line":205,"column":108}}],"line":205},"19":{"loc":{"start":{"line":224,"column":20},"end":{"line":256,"column":21}},"type":"if","locations":[{"start":{"line":224,"column":20},"end":{"line":256,"column":21}},{"start":{},"end":{}}],"line":224},"20":{"loc":{"start":{"line":228,"column":28},"end":{"line":231,"column":29}},"type":"if","locations":[{"start":{"line":228,"column":28},"end":{"line":231,"column":29}},{"start":{},"end":{}}],"line":228},"21":{"loc":{"start":{"line":228,"column":32},"end":{"line":228,"column":51}},"type":"binary-expr","locations":[{"start":{"line":228,"column":32},"end":{"line":228,"column":37}},{"start":{"line":228,"column":41},"end":{"line":228,"column":51}}],"line":228},"22":{"loc":{"start":{"line":234,"column":28},"end":{"line":237,"column":29}},"type":"if","locations":[{"start":{"line":234,"column":28},"end":{"line":237,"column":29}},{"start":{},"end":{}}],"line":234},"23":{"loc":{"start":{"line":240,"column":24},"end":{"line":255,"column":25}},"type":"if","locations":[{"start":{"line":240,"column":24},"end":{"line":255,"column":25}},{"start":{},"end":{}}],"line":240},"24":{"loc":{"start":{"line":244,"column":28},"end":{"line":251,"column":29}},"type":"if","locations":[{"start":{"line":244,"column":28},"end":{"line":251,"column":29}},{"start":{},"end":{}}],"line":244},"25":{"loc":{"start":{"line":244,"column":32},"end":{"line":244,"column":80}},"type":"binary-expr","locations":[{"start":{"line":244,"column":32},"end":{"line":244,"column":56}},{"start":{"line":244,"column":60},"end":{"line":244,"column":80}}],"line":244},"26":{"loc":{"start":{"line":259,"column":16},"end":{"line":290,"column":17}},"type":"if","locations":[{"start":{"line":259,"column":16},"end":{"line":290,"column":17}},{"start":{},"end":{}}],"line":259},"27":{"loc":{"start":{"line":261,"column":20},"end":{"line":288,"column":21}},"type":"if","locations":[{"start":{"line":261,"column":20},"end":{"line":288,"column":21}},{"start":{},"end":{}}],"line":261},"28":{"loc":{"start":{"line":261,"column":24},"end":{"line":261,"column":41}},"type":"binary-expr","locations":[{"start":{"line":261,"column":24},"end":{"line":261,"column":28}},{"start":{"line":261,"column":32},"end":{"line":261,"column":41}}],"line":261},"29":{"loc":{"start":{"line":264,"column":24},"end":{"line":287,"column":25}},"type":"if","locations":[{"start":{"line":264,"column":24},"end":{"line":287,"column":25}},{"start":{},"end":{}}],"line":264},"30":{"loc":{"start":{"line":265,"column":28},"end":{"line":286,"column":29}},"type":"if","locations":[{"start":{"line":265,"column":28},"end":{"line":286,"column":29}},{"start":{"line":277,"column":35},"end":{"line":286,"column":29}}],"line":265},"31":{"loc":{"start":{"line":267,"column":32},"end":{"line":276,"column":33}},"type":"if","locations":[{"start":{"line":267,"column":32},"end":{"line":276,"column":33}},{"start":{},"end":{}}],"line":267},"32":{"loc":{"start":{"line":268,"column":36},"end":{"line":275,"column":37}},"type":"if","locations":[{"start":{"line":268,"column":36},"end":{"line":275,"column":37}},{"start":{},"end":{}}],"line":268},"33":{"loc":{"start":{"line":268,"column":40},"end":{"line":268,"column":78}},"type":"binary-expr","locations":[{"start":{"line":268,"column":40},"end":{"line":268,"column":58}},{"start":{"line":268,"column":62},"end":{"line":268,"column":78}}],"line":268},"34":{"loc":{"start":{"line":278,"column":32},"end":{"line":285,"column":33}},"type":"if","locations":[{"start":{"line":278,"column":32},"end":{"line":285,"column":33}},{"start":{},"end":{}}],"line":278},"35":{"loc":{"start":{"line":278,"column":36},"end":{"line":278,"column":74}},"type":"binary-expr","locations":[{"start":{"line":278,"column":36},"end":{"line":278,"column":54}},{"start":{"line":278,"column":58},"end":{"line":278,"column":74}}],"line":278},"36":{"loc":{"start":{"line":298,"column":27},"end":{"line":298,"column":46}},"type":"binary-expr","locations":[{"start":{"line":298,"column":27},"end":{"line":298,"column":40}},{"start":{"line":298,"column":44},"end":{"line":298,"column":46}}],"line":298},"37":{"loc":{"start":{"line":299,"column":26},"end":{"line":299,"column":44}},"type":"binary-expr","locations":[{"start":{"line":299,"column":26},"end":{"line":299,"column":38}},{"start":{"line":299,"column":42},"end":{"line":299,"column":44}}],"line":299},"38":{"loc":{"start":{"line":317,"column":4},"end":{"line":319,"column":5}},"type":"if","locations":[{"start":{"line":317,"column":4},"end":{"line":319,"column":5}},{"start":{},"end":{}}],"line":317}},"s":{"0":1,"1":1,"2":1,"3":1,"4":1,"5":7,"6":7,"7":7,"8":1,"9":4,"10":0,"11":4,"12":4,"13":1,"14":1,"15":4,"16":4,"17":3,"18":3,"19":3,"20":3,"21":3,"22":3,"23":3,"24":0,"25":3,"26":3,"27":3,"28":3,"29":0,"30":0,"31":0,"32":3,"33":3,"34":0,"35":0,"36":3,"37":4,"38":4,"39":4,"40":1,"41":0,"42":0,"43":0,"44":0,"45":0,"46":0,"47":0,"48":1,"49":0,"50":0,"51":0,"52":0,"53":0,"54":0,"55":0,"56":0,"57":0,"58":0,"59":0,"60":0,"61":0,"62":0,"63":0,"64":0,"65":0,"66":0,"67":0,"68":0,"69":0,"70":0,"71":0,"72":0,"73":0,"74":0,"75":0,"76":0,"77":0,"78":0,"79":0,"80":0,"81":0,"82":0,"83":0,"84":0,"85":0,"86":0,"87":0,"88":0,"89":0,"90":0,"91":0,"92":0,"93":0,"94":0,"95":0,"96":0,"97":0,"98":0,"99":0,"100":0,"101":0,"102":0,"103":0,"104":0,"105":0,"106":0,"107":0,"108":0,"109":0,"110":0,"111":0,"112":0,"113":0,"114":0,"115":0,"116":0,"117":0,"118":0,"119":0,"120":0,"121":0,"122":0,"123":0,"124":1,"125":1,"126":3,"127":0,"128":3},"f":{"0":7,"1":4,"2":4,"3":0,"4":0,"5":0,"6":0,"7":0,"8":3},"b":{"0":[3],"1":[0,4],"2":[4,4],"3":[0,3],"4":[3,3],"5":[0,3],"6":[3,0],"7":[0,0],"8":[3,0],"9":[4,0],"10":[0,0,0],"11":[0,0],"12":[0,0],"13":[0,0],"14":[0,0],"15":[0,0],"16":[0,0],"17":[0,0],"18":[0,0],"19":[0,0],"20":[0,0],"21":[0,0],"22":[0,0],"23":[0,0],"24":[0,0],"25":[0,0],"26":[0,0],"27":[0,0],"28":[0,0],"29":[0,0],"30":[0,0],"31":[0,0],"32":[0,0],"33":[0,0],"34":[0,0],"35":[0,0],"36":[0,0],"37":[0,0],"38":[0,3]},"_coverageSchema":"1a1c01bbd47fc00a2c39e90264f33305004495a9","hash":"e53aa389425f7f97d242af2f33cc70286f6553c8"}
,"C:\\Users\\Gunny\\Downloads\\SpeechAnalysisApp\\ai\\routes\\analyzeTone.js": {"path":"C:\\Users\\Gunny\\Downloads\\SpeechAnalysisApp\\ai\\routes\\analyzeTone.js","statementMap":{"0":{"start":{"line":1,"column":16},"end":{"line":1,"column":34}},"1":{"start":{"line":2,"column":15},"end":{"line":2,"column":31}},"2":{"start":{"line":3,"column":24},"end":{"line":3,"column":59}},"3":{"start":{"line":5,"column":0},"end":{"line":26,"column":3}},"4":{"start":{"line":6,"column":4},"end":{"line":25,"column":5}},"5":{"start":{"line":7,"column":25},"end":{"line":7,"column":33}},"6":{"start":{"line":9,"column":8},"end":{"line":14,"column":9}},"7":{"start":{"line":10,"column":12},"end":{"line":13,"column":15}},"8":{"start":{"line":16,"column":29},"end":{"line":16,"column":52}},"9":{"start":{"line":17,"column":8},"end":{"line":17,"column":31}},"10":{"start":{"line":20,"column":8},"end":{"line":20,"column":53}},"11":{"start":{"line":21,"column":8},"end":{"line":24,"column":11}},"12":{"start":{"line":28,"column":0},"end":{"line":28,"column":24}}},"fnMap":{"0":{"name":"(anonymous_0)","decl":{"start":{"line":5,"column":17},"end":{"line":5,"column":18}},"loc":{"start":{"line":5,"column":37},"end":{"line":26,"column":1}},"line":5}},"branchMap":{"0":{"loc":{"start":{"line":9,"column":8},"end":{"line":14,"column":9}},"type":"if","locations":[{"start":{"line":9,"column":8},"end":{"line":14,"column":9}},{"start":{},"end":{}}],"line":9},"1":{"loc":{"start":{"line":9,"column":12},"end":{"line":9,"column":45}},"type":"binary-expr","locations":[{"start":{"line":9,"column":12},"end":{"line":9,"column":17}},{"start":{"line":9,"column":21},"end":{"line":9,"column":45}}],"line":9}},"s":{"0":1,"1":1,"2":1,"3":1,"4":0,"5":0,"6":0,"7":0,"8":0,"9":0,"10":0,"11":0,"12":1},"f":{"0":0},"b":{"0":[0,0],"1":[0,0]},"_coverageSchema":"1a1c01bbd47fc00a2c39e90264f33305004495a9","hash":"48a5a6653bf9b1bdf8c0d9f96156d4d1fdb4467d"}
,"C:\\Users\\Gunny\\Downloads\\SpeechAnalysisApp\\ai\\services\\speechAnalyzer.js": {"path":"C:\\Users\\Gunny\\Downloads\\SpeechAnalysisApp\\ai\\services\\speechAnalyzer.js","statementMap":{"0":{"start":{"line":1,"column":22},"end":{"line":56,"column":1}},"1":{"start":{"line":2,"column":26},"end":{"line":2,"column":48}},"2":{"start":{"line":3,"column":24},"end":{"line":3,"column":48}},"3":{"start":{"line":4,"column":25},"end":{"line":4,"column":27}},"4":{"start":{"line":5,"column":24},"end":{"line":5,"column":26}},"5":{"start":{"line":7,"column":4},"end":{"line":50,"column":5}},"6":{"start":{"line":7,"column":17},"end":{"line":7,"column":18}},"7":{"start":{"line":8,"column":21},"end":{"line":8,"column":29}},"8":{"start":{"line":9,"column":8},"end":{"line":9,"column":41}},"9":{"start":{"line":12,"column":8},"end":{"line":24,"column":9}},"10":{"start":{"line":13,"column":27},"end":{"line":13,"column":76}},"11":{"start":{"line":14,"column":12},"end":{"line":23,"column":13}},"12":{"start":{"line":15,"column":16},"end":{"line":20,"column":19}},"13":{"start":{"line":21,"column":16},"end":{"line":21,"column":20}},"14":{"start":{"line":22,"column":16},"end":{"line":22,"column":25}},"15":{"start":{"line":27,"column":8},"end":{"line":39,"column":9}},"16":{"start":{"line":29,"column":12},"end":{"line":37,"column":13}},"17":{"start":{"line":31,"column":16},"end":{"line":36,"column":19}},"18":{"start":{"line":38,"column":12},"end":{"line":38,"column":21}},"19":{"start":{"line":42,"column":8},"end":{"line":49,"column":9}},"20":{"start":{"line":43,"column":12},"end":{"line":48,"column":15}},"21":{"start":{"line":52,"column":4},"end":{"line":55,"column":6}},"22":{"start":{"line":58,"column":0},"end":{"line":58,"column":35}}},"fnMap":{"0":{"name":"(anonymous_0)","decl":{"start":{"line":1,"column":22},"end":{"line":1,"column":23}},"loc":{"start":{"line":1,"column":33},"end":{"line":56,"column":1}},"line":1}},"branchMap":{"0":{"loc":{"start":{"line":12,"column":8},"end":{"line":24,"column":9}},"type":"if","locations":[{"start":{"line":12,"column":8},"end":{"line":24,"column":9}},{"start":{},"end":{}}],"line":12},"1":{"loc":{"start":{"line":14,"column":12},"end":{"line":23,"column":13}},"type":"if","locations":[{"start":{"line":14,"column":12},"end":{"line":23,"column":13}},{"start":{},"end":{}}],"line":14},"2":{"loc":{"start":{"line":27,"column":8},"end":{"line":39,"column":9}},"type":"if","locations":[{"start":{"line":27,"column":8},"end":{"line":39,"column":9}},{"start":{},"end":{}}],"line":27},"3":{"loc":{"start":{"line":29,"column":12},"end":{"line":37,"column":13}},"type":"if","locations":[{"start":{"line":29,"column":12},"end":{"line":37,"column":13}},{"start":{},"end":{}}],"line":29},"4":{"loc":{"start":{"line":29,"column":16},"end":{"line":30,"column":89}},"type":"binary-expr","locations":[{"start":{"line":29,"column":16},"end":{"line":29,"column":37}},{"start":{"line":30,"column":17},"end":{"line":30,"column":22}},{"start":{"line":30,"column":26},"end":{"line":30,"column":88}}],"line":29},"5":{"loc":{"start":{"line":42,"column":8},"end":{"line":49,"column":9}},"type":"if","locations":[{"start":{"line":42,"column":8},"end":{"line":49,"column":9}},{"start":{},"end":{}}],"line":42}},"s":{"0":1,"1":5,"2":5,"3":5,"4":5,"5":5,"6":5,"7":511,"8":511,"9":511,"10":508,"11":508,"12":503,"13":503,"14":503,"15":8,"16":2,"17":1,"18":2,"19":6,"20":2,"21":5,"22":1},"f":{"0":5},"b":{"0":[508,3],"1":[503,5],"2":[2,6],"3":[1,1],"4":[2,1,1],"5":[2,4]},"_coverageSchema":"1a1c01bbd47fc00a2c39e90264f33305004495a9","hash":"de4057e53d918755fc58e16be22ba0b62451dfb2"}
}
