{"C:\\Users\\Gunny\\Downloads\\SpeechAnalysisApp\\ai\\server.js": {"path":"C:\\Users\\Gunny\\Downloads\\SpeechAnalysisApp\\ai\\server.js","statementMap":{"0":{"start":{"line":2,"column":0},"end":{"line":2,"column":27}},"1":{"start":{"line":5,"column":16},"end":{"line":5,"column":34}},"2":{"start":{"line":6,"column":13},"end":{"line":6,"column":28}},"3":{"start":{"line":7,"column":13},"end":{"line":7,"column":28}},"4":{"start":{"line":8,"column":40},"end":{"line":8,"column":73}},"5":{"start":{"line":9,"column":26},"end":{"line":9,"column":57}},"6":{"start":{"line":12,"column":0},"end":{"line":12,"column":53}},"7":{"start":{"line":13,"column":0},"end":{"line":13,"column":42}},"8":{"start":{"line":14,"column":0},"end":{"line":14,"column":53}},"9":{"start":{"line":15,"column":0},"end":{"line":15,"column":52}},"10":{"start":{"line":16,"column":0},"end":{"line":16,"column":70}},"11":{"start":{"line":17,"column":0},"end":{"line":17,"column":97}},"12":{"start":{"line":18,"column":0},"end":{"line":18,"column":70}},"13":{"start":{"line":19,"column":0},"end":{"line":19,"column":53}},"14":{"start":{"line":22,"column":0},"end":{"line":26,"column":3}},"15":{"start":{"line":29,"column":12},"end":{"line":29,"column":21}},"16":{"start":{"line":32,"column":0},"end":{"line":32,"column":16}},"17":{"start":{"line":33,"column":0},"end":{"line":33,"column":24}},"18":{"start":{"line":36,"column":0},"end":{"line":36,"column":48}},"19":{"start":{"line":37,"column":0},"end":{"line":37,"column":44}},"20":{"start":{"line":40,"column":0},"end":{"line":48,"column":3}},"21":{"start":{"line":41,"column":4},"end":{"line":47,"column":7}},"22":{"start":{"line":51,"column":0},"end":{"line":57,"column":3}},"23":{"start":{"line":52,"column":4},"end":{"line":52,"column":33}},"24":{"start":{"line":53,"column":4},"end":{"line":56,"column":7}},"25":{"start":{"line":60,"column":0},"end":{"line":62,"column":3}},"26":{"start":{"line":61,"column":4},"end":{"line":61,"column":56}},"27":{"start":{"line":65,"column":0},"end":{"line":65,"column":21}}},"fnMap":{"0":{"name":"(anonymous_0)","decl":{"start":{"line":40,"column":19},"end":{"line":40,"column":20}},"loc":{"start":{"line":40,"column":33},"end":{"line":48,"column":1}},"line":40},"1":{"name":"(anonymous_1)","decl":{"start":{"line":51,"column":8},"end":{"line":51,"column":9}},"loc":{"start":{"line":51,"column":33},"end":{"line":57,"column":1}},"line":51},"2":{"name":"(anonymous_2)","decl":{"start":{"line":60,"column":13},"end":{"line":60,"column":14}},"loc":{"start":{"line":60,"column":27},"end":{"line":62,"column":1}},"line":60}},"branchMap":{"0":{"loc":{"start":{"line":17,"column":41},"end":{"line":17,"column":95}},"type":"cond-expr","locations":[{"start":{"line":17,"column":74},"end":{"line":17,"column":83}},{"start":{"line":17,"column":86},"end":{"line":17,"column":95}}],"line":17},"1":{"loc":{"start":{"line":23,"column":20},"end":{"line":23,"column":74}},"type":"cond-expr","locations":[{"start":{"line":23,"column":53},"end":{"line":23,"column":62}},{"start":{"line":23,"column":65},"end":{"line":23,"column":74}}],"line":23},"2":{"loc":{"start":{"line":24,"column":20},"end":{"line":24,"column":74}},"type":"cond-expr","locations":[{"start":{"line":24,"column":53},"end":{"line":24,"column":62}},{"start":{"line":24,"column":65},"end":{"line":24,"column":74}}],"line":24},"3":{"loc":{"start":{"line":25,"column":20},"end":{"line":25,"column":70}},"type":"cond-expr","locations":[{"start":{"line":25,"column":49},"end":{"line":25,"column":58}},{"start":{"line":25,"column":61},"end":{"line":25,"column":70}}],"line":25},"4":{"loc":{"start":{"line":45,"column":24},"end":{"line":45,"column":81}},"type":"cond-expr","locations":[{"start":{"line":45,"column":57},"end":{"line":45,"column":69}},{"start":{"line":45,"column":72},"end":{"line":45,"column":81}}],"line":45}},"s":{"0":1,"1":1,"2":1,"3":1,"4":1,"5":1,"6":1,"7":1,"8":1,"9":1,"10":1,"11":1,"12":1,"13":1,"14":1,"15":1,"16":1,"17":1,"18":1,"19":1,"20":1,"21":0,"22":1,"23":0,"24":0,"25":1,"26":0,"27":1},"f":{"0":0,"1":0,"2":0},"b":{"0":[1,0],"1":[1,0],"2":[1,0],"3":[1,0],"4":[0,0]},"_coverageSchema":"1a1c01bbd47fc00a2c39e90264f33305004495a9","hash":"2b02dd62bdf6426f36f3ff7469d6293eac772f09"}
,"C:\\Users\\Gunny\\Downloads\\SpeechAnalysisApp\\ai\\routes\\analyzeSpeech.js": {"path":"C:\\Users\\Gunny\\Downloads\\SpeechAnalysisApp\\ai\\routes\\analyzeSpeech.js","statementMap":{"0":{"start":{"line":1,"column":16},"end":{"line":1,"column":34}},"1":{"start":{"line":2,"column":15},"end":{"line":2,"column":31}},"2":{"start":{"line":3,"column":23},"end":{"line":3,"column":44}},"3":{"start":{"line":4,"column":24},"end":{"line":4,"column":59}},"4":{"start":{"line":6,"column":13},"end":{"line":6,"column":17}},"5":{"start":{"line":11,"column":8},"end":{"line":11,"column":23}},"6":{"start":{"line":12,"column":8},"end":{"line":12,"column":25}},"7":{"start":{"line":13,"column":8},"end":{"line":13,"column":31}},"8":{"start":{"line":18,"column":25},"end":{"line":35,"column":1}},"9":{"start":{"line":19,"column":4},"end":{"line":25,"column":5}},"10":{"start":{"line":20,"column":8},"end":{"line":24,"column":10}},"11":{"start":{"line":26,"column":4},"end":{"line":34,"column":5}},"12":{"start":{"line":27,"column":8},"end":{"line":27,"column":21}},"13":{"start":{"line":29,"column":8},"end":{"line":33,"column":10}},"14":{"start":{"line":37,"column":0},"end":{"line":113,"column":3}},"15":{"start":{"line":38,"column":4},"end":{"line":112,"column":5}},"16":{"start":{"line":39,"column":8},"end":{"line":39,"column":45}},"17":{"start":{"line":41,"column":23},"end":{"line":41,"column":41}},"18":{"start":{"line":42,"column":26},"end":{"line":42,"column":36}},"19":{"start":{"line":43,"column":24},"end":{"line":43,"column":29}},"20":{"start":{"line":44,"column":24},"end":{"line":44,"column":25}},"21":{"start":{"line":45,"column":26},"end":{"line":45,"column":28}},"22":{"start":{"line":47,"column":27},"end":{"line":55,"column":10}},"23":{"start":{"line":50,"column":12},"end":{"line":54,"column":14}},"24":{"start":{"line":57,"column":8},"end":{"line":97,"column":9}},"25":{"start":{"line":58,"column":12},"end":{"line":64,"column":13}},"26":{"start":{"line":59,"column":16},"end":{"line":63,"column":18}},"27":{"start":{"line":66,"column":12},"end":{"line":96,"column":13}},"28":{"start":{"line":67,"column":31},"end":{"line":67,"column":74}},"29":{"start":{"line":68,"column":16},"end":{"line":68,"column":28}},"30":{"start":{"line":70,"column":16},"end":{"line":83,"column":17}},"31":{"start":{"line":71,"column":43},"end":{"line":71,"column":70}},"32":{"start":{"line":72,"column":41},"end":{"line":72,"column":88}},"33":{"start":{"line":74,"column":20},"end":{"line":82,"column":23}},"34":{"start":{"line":85,"column":16},"end":{"line":87,"column":17}},"35":{"start":{"line":86,"column":20},"end":{"line":86,"column":91}},"36":{"start":{"line":89,"column":16},"end":{"line":89,"column":72}},"37":{"start":{"line":89,"column":45},"end":{"line":89,"column":70}},"38":{"start":{"line":91,"column":16},"end":{"line":95,"column":18}},"39":{"start":{"line":99,"column":8},"end":{"line":99,"column":48}},"40":{"start":{"line":101,"column":27},"end":{"line":105,"column":28}},"41":{"start":{"line":107,"column":8},"end":{"line":111,"column":11}},"42":{"start":{"line":116,"column":0},"end":{"line":151,"column":3}},"43":{"start":{"line":117,"column":4},"end":{"line":150,"column":5}},"44":{"start":{"line":118,"column":29},"end":{"line":118,"column":37}},"45":{"start":{"line":120,"column":8},"end":{"line":144,"column":9}},"46":{"start":{"line":122,"column":16},"end":{"line":130,"column":19}},"47":{"start":{"line":133,"column":16},"end":{"line":137,"column":19}},"48":{"start":{"line":140,"column":16},"end":{"line":143,"column":19}},"49":{"start":{"line":146,"column":8},"end":{"line":149,"column":11}},"50":{"start":{"line":154,"column":0},"end":{"line":166,"column":3}},"51":{"start":{"line":155,"column":4},"end":{"line":165,"column":5}},"52":{"start":{"line":156,"column":26},"end":{"line":161,"column":9}},"53":{"start":{"line":162,"column":8},"end":{"line":162,"column":28}},"54":{"start":{"line":164,"column":8},"end":{"line":164,"column":64}},"55":{"start":{"line":170,"column":4},"end":{"line":370,"column":5}},"56":{"start":{"line":172,"column":8},"end":{"line":175,"column":9}},"57":{"start":{"line":173,"column":12},"end":{"line":173,"column":67}},"58":{"start":{"line":174,"column":12},"end":{"line":174,"column":59}},"59":{"start":{"line":177,"column":30},"end":{"line":180,"column":9}},"60":{"start":{"line":182,"column":28},"end":{"line":185,"column":9}},"61":{"start":{"line":188,"column":32},"end":{"line":192,"column":9}},"62":{"start":{"line":195,"column":30},"end":{"line":225,"column":9}},"63":{"start":{"line":196,"column":12},"end":{"line":196,"column":44}},"64":{"start":{"line":196,"column":32},"end":{"line":196,"column":44}},"65":{"start":{"line":198,"column":32},"end":{"line":198,"column":58}},"66":{"start":{"line":199,"column":29},"end":{"line":199,"column":54}},"67":{"start":{"line":200,"column":29},"end":{"line":200,"column":54}},"68":{"start":{"line":203,"column":12},"end":{"line":211,"column":13}},"69":{"start":{"line":204,"column":16},"end":{"line":210,"column":18}},"70":{"start":{"line":214,"column":12},"end":{"line":222,"column":13}},"71":{"start":{"line":215,"column":16},"end":{"line":221,"column":18}},"72":{"start":{"line":224,"column":12},"end":{"line":224,"column":24}},"73":{"start":{"line":227,"column":28},"end":{"line":227,"column":30}},"74":{"start":{"line":228,"column":29},"end":{"line":228,"column":31}},"75":{"start":{"line":229,"column":18},"end":{"line":229,"column":30}},"76":{"start":{"line":232,"column":26},"end":{"line":243,"column":9}},"77":{"start":{"line":233,"column":12},"end":{"line":242,"column":13}},"78":{"start":{"line":235,"column":16},"end":{"line":238,"column":28}},"79":{"start":{"line":240,"column":16},"end":{"line":240,"column":61}},"80":{"start":{"line":241,"column":16},"end":{"line":241,"column":61}},"81":{"start":{"line":246,"column":8},"end":{"line":263,"column":9}},"82":{"start":{"line":246,"column":21},"end":{"line":246,"column":22}},"83":{"start":{"line":247,"column":12},"end":{"line":262,"column":13}},"84":{"start":{"line":248,"column":36},"end":{"line":248,"column":56}},"85":{"start":{"line":249,"column":37},"end":{"line":249,"column":76}},"86":{"start":{"line":252,"column":16},"end":{"line":258,"column":17}},"87":{"start":{"line":253,"column":20},"end":{"line":253,"column":49}},"88":{"start":{"line":254,"column":23},"end":{"line":258,"column":17}},"89":{"start":{"line":255,"column":20},"end":{"line":255,"column":49}},"90":{"start":{"line":257,"column":20},"end":{"line":257,"column":109}},"91":{"start":{"line":260,"column":16},"end":{"line":260,"column":86}},"92":{"start":{"line":261,"column":16},"end":{"line":261,"column":25}},"93":{"start":{"line":266,"column":16},"end":{"line":266,"column":17}},"94":{"start":{"line":267,"column":8},"end":{"line":358,"column":9}},"95":{"start":{"line":268,"column":12},"end":{"line":357,"column":13}},"96":{"start":{"line":269,"column":30},"end":{"line":269,"column":35}},"97":{"start":{"line":272,"column":16},"end":{"line":309,"column":17}},"98":{"start":{"line":273,"column":40},"end":{"line":273,"column":57}},"99":{"start":{"line":274,"column":41},"end":{"line":274,"column":59}},"100":{"start":{"line":276,"column":20},"end":{"line":308,"column":21}},"101":{"start":{"line":277,"column":38},"end":{"line":277,"column":42}},"102":{"start":{"line":278,"column":24},"end":{"line":290,"column":25}},"103":{"start":{"line":278,"column":37},"end":{"line":278,"column":38}},"104":{"start":{"line":279,"column":41},"end":{"line":279,"column":53}},"105":{"start":{"line":280,"column":28},"end":{"line":283,"column":29}},"106":{"start":{"line":281,"column":32},"end":{"line":281,"column":48}},"107":{"start":{"line":282,"column":32},"end":{"line":282,"column":38}},"108":{"start":{"line":284,"column":45},"end":{"line":284,"column":83}},"109":{"start":{"line":286,"column":28},"end":{"line":289,"column":29}},"110":{"start":{"line":287,"column":32},"end":{"line":287,"column":48}},"111":{"start":{"line":288,"column":32},"end":{"line":288,"column":38}},"112":{"start":{"line":292,"column":24},"end":{"line":307,"column":25}},"113":{"start":{"line":293,"column":46},"end":{"line":293,"column":54}},"114":{"start":{"line":294,"column":44},"end":{"line":294,"column":71}},"115":{"start":{"line":296,"column":28},"end":{"line":303,"column":29}},"116":{"start":{"line":297,"column":32},"end":{"line":302,"column":35}},"117":{"start":{"line":304,"column":28},"end":{"line":304,"column":46}},"118":{"start":{"line":305,"column":28},"end":{"line":305,"column":43}},"119":{"start":{"line":306,"column":28},"end":{"line":306,"column":34}},"120":{"start":{"line":311,"column":16},"end":{"line":353,"column":17}},"121":{"start":{"line":312,"column":33},"end":{"line":312,"column":41}},"122":{"start":{"line":313,"column":37},"end":{"line":313,"column":68}},"123":{"start":{"line":314,"column":37},"end":{"line":314,"column":64}},"124":{"start":{"line":317,"column":42},"end":{"line":317,"column":81}},"125":{"start":{"line":318,"column":20},"end":{"line":322,"column":21}},"126":{"start":{"line":319,"column":24},"end":{"line":319,"column":57}},"127":{"start":{"line":320,"column":24},"end":{"line":320,"column":28}},"128":{"start":{"line":321,"column":24},"end":{"line":321,"column":33}},"129":{"start":{"line":324,"column":20},"end":{"line":351,"column":21}},"130":{"start":{"line":325,"column":49},"end":{"line":325,"column":87}},"131":{"start":{"line":327,"column":24},"end":{"line":350,"column":25}},"132":{"start":{"line":328,"column":28},"end":{"line":349,"column":29}},"133":{"start":{"line":329,"column":60},"end":{"line":329,"column":63}},"134":{"start":{"line":330,"column":32},"end":{"line":339,"column":33}},"135":{"start":{"line":331,"column":36},"end":{"line":338,"column":37}},"136":{"start":{"line":332,"column":40},"end":{"line":337,"column":43}},"137":{"start":{"line":341,"column":32},"end":{"line":348,"column":33}},"138":{"start":{"line":342,"column":36},"end":{"line":347,"column":39}},"139":{"start":{"line":352,"column":20},"end":{"line":352,"column":24}},"140":{"start":{"line":355,"column":16},"end":{"line":355,"column":79}},"141":{"start":{"line":356,"column":16},"end":{"line":356,"column":20}},"142":{"start":{"line":360,"column":8},"end":{"line":363,"column":10}},"143":{"start":{"line":365,"column":8},"end":{"line":365,"column":56}},"144":{"start":{"line":366,"column":8},"end":{"line":369,"column":10}},"145":{"start":{"line":374,"column":0},"end":{"line":377,"column":2}},"146":{"start":{"line":379,"column":25},"end":{"line":386,"column":1}},"147":{"start":{"line":380,"column":4},"end":{"line":382,"column":5}},"148":{"start":{"line":381,"column":8},"end":{"line":381,"column":56}},"149":{"start":{"line":383,"column":4},"end":{"line":385,"column":7}}},"fnMap":{"0":{"name":"(anonymous_0)","decl":{"start":{"line":10,"column":4},"end":{"line":10,"column":5}},"loc":{"start":{"line":10,"column":45},"end":{"line":14,"column":5}},"line":10},"1":{"name":"(anonymous_1)","decl":{"start":{"line":18,"column":25},"end":{"line":18,"column":26}},"loc":{"start":{"line":18,"column":34},"end":{"line":35,"column":1}},"line":18},"2":{"name":"(anonymous_2)","decl":{"start":{"line":37,"column":17},"end":{"line":37,"column":18}},"loc":{"start":{"line":37,"column":37},"end":{"line":113,"column":1}},"line":37},"3":{"name":"(anonymous_3)","decl":{"start":{"line":49,"column":17},"end":{"line":49,"column":18}},"loc":{"start":{"line":49,"column":26},"end":{"line":55,"column":9}},"line":49},"4":{"name":"(anonymous_4)","decl":{"start":{"line":89,"column":34},"end":{"line":89,"column":35}},"loc":{"start":{"line":89,"column":45},"end":{"line":89,"column":70}},"line":89},"5":{"name":"(anonymous_5)","decl":{"start":{"line":116,"column":21},"end":{"line":116,"column":22}},"loc":{"start":{"line":116,"column":41},"end":{"line":151,"column":1}},"line":116},"6":{"name":"(anonymous_6)","decl":{"start":{"line":154,"column":26},"end":{"line":154,"column":27}},"loc":{"start":{"line":154,"column":40},"end":{"line":166,"column":1}},"line":154},"7":{"name":"analyzeSpeech","decl":{"start":{"line":169,"column":9},"end":{"line":169,"column":22}},"loc":{"start":{"line":169,"column":30},"end":{"line":371,"column":1}},"line":169},"8":{"name":"(anonymous_8)","decl":{"start":{"line":195,"column":30},"end":{"line":195,"column":31}},"loc":{"start":{"line":195,"column":55},"end":{"line":225,"column":9}},"line":195},"9":{"name":"(anonymous_9)","decl":{"start":{"line":232,"column":26},"end":{"line":232,"column":27}},"loc":{"start":{"line":232,"column":36},"end":{"line":243,"column":9}},"line":232},"10":{"name":"(anonymous_10)","decl":{"start":{"line":379,"column":25},"end":{"line":379,"column":26}},"loc":{"start":{"line":379,"column":31},"end":{"line":386,"column":1}},"line":379}},"branchMap":{"0":{"loc":{"start":{"line":10,"column":31},"end":{"line":10,"column":43}},"type":"default-arg","locations":[{"start":{"line":10,"column":41},"end":{"line":10,"column":43}}],"line":10},"1":{"loc":{"start":{"line":19,"column":4},"end":{"line":25,"column":5}},"type":"if","locations":[{"start":{"line":19,"column":4},"end":{"line":25,"column":5}},{"start":{},"end":{}}],"line":19},"2":{"loc":{"start":{"line":19,"column":8},"end":{"line":19,"column":39}},"type":"binary-expr","locations":[{"start":{"line":19,"column":8},"end":{"line":19,"column":12}},{"start":{"line":19,"column":16},"end":{"line":19,"column":39}}],"line":19},"3":{"loc":{"start":{"line":58,"column":12},"end":{"line":64,"column":13}},"type":"if","locations":[{"start":{"line":58,"column":12},"end":{"line":64,"column":13}},{"start":{},"end":{}}],"line":58},"4":{"loc":{"start":{"line":58,"column":16},"end":{"line":58,"column":74}},"type":"binary-expr","locations":[{"start":{"line":58,"column":16},"end":{"line":58,"column":48}},{"start":{"line":58,"column":52},"end":{"line":58,"column":74}}],"line":58},"5":{"loc":{"start":{"line":70,"column":16},"end":{"line":83,"column":17}},"type":"if","locations":[{"start":{"line":70,"column":16},"end":{"line":83,"column":17}},{"start":{},"end":{}}],"line":70},"6":{"loc":{"start":{"line":70,"column":20},"end":{"line":70,"column":65}},"type":"binary-expr","locations":[{"start":{"line":70,"column":20},"end":{"line":70,"column":49}},{"start":{"line":70,"column":53},"end":{"line":70,"column":65}}],"line":70},"7":{"loc":{"start":{"line":85,"column":16},"end":{"line":87,"column":17}},"type":"if","locations":[{"start":{"line":85,"column":16},"end":{"line":87,"column":17}},{"start":{},"end":{}}],"line":85},"8":{"loc":{"start":{"line":101,"column":27},"end":{"line":105,"column":28}},"type":"binary-expr","locations":[{"start":{"line":101,"column":27},"end":{"line":105,"column":21}},{"start":{"line":105,"column":25},"end":{"line":105,"column":28}}],"line":101},"9":{"loc":{"start":{"line":120,"column":8},"end":{"line":144,"column":9}},"type":"switch","locations":[{"start":{"line":121,"column":12},"end":{"line":130,"column":19}},{"start":{"line":132,"column":12},"end":{"line":137,"column":19}},{"start":{"line":139,"column":12},"end":{"line":143,"column":19}}],"line":120},"10":{"loc":{"start":{"line":172,"column":8},"end":{"line":175,"column":9}},"type":"if","locations":[{"start":{"line":172,"column":8},"end":{"line":175,"column":9}},{"start":{},"end":{}}],"line":172},"11":{"loc":{"start":{"line":196,"column":12},"end":{"line":196,"column":44}},"type":"if","locations":[{"start":{"line":196,"column":12},"end":{"line":196,"column":44}},{"start":{},"end":{}}],"line":196},"12":{"loc":{"start":{"line":203,"column":12},"end":{"line":211,"column":13}},"type":"if","locations":[{"start":{"line":203,"column":12},"end":{"line":211,"column":13}},{"start":{},"end":{}}],"line":203},"13":{"loc":{"start":{"line":214,"column":12},"end":{"line":222,"column":13}},"type":"if","locations":[{"start":{"line":214,"column":12},"end":{"line":222,"column":13}},{"start":{},"end":{}}],"line":214},"14":{"loc":{"start":{"line":214,"column":16},"end":{"line":214,"column":94}},"type":"binary-expr","locations":[{"start":{"line":214,"column":16},"end":{"line":214,"column":41}},{"start":{"line":214,"column":45},"end":{"line":214,"column":94}}],"line":214},"15":{"loc":{"start":{"line":241,"column":23},"end":{"line":241,"column":60}},"type":"cond-expr","locations":[{"start":{"line":241,"column":30},"end":{"line":241,"column":55}},{"start":{"line":241,"column":58},"end":{"line":241,"column":60}}],"line":241},"16":{"loc":{"start":{"line":248,"column":36},"end":{"line":248,"column":56}},"type":"binary-expr","locations":[{"start":{"line":248,"column":36},"end":{"line":248,"column":50}},{"start":{"line":248,"column":54},"end":{"line":248,"column":56}}],"line":248},"17":{"loc":{"start":{"line":249,"column":37},"end":{"line":249,"column":76}},"type":"cond-expr","locations":[{"start":{"line":249,"column":46},"end":{"line":249,"column":70}},{"start":{"line":249,"column":74},"end":{"line":249,"column":76}}],"line":249},"18":{"loc":{"start":{"line":249,"column":46},"end":{"line":249,"column":70}},"type":"binary-expr","locations":[{"start":{"line":249,"column":46},"end":{"line":249,"column":64}},{"start":{"line":249,"column":68},"end":{"line":249,"column":70}}],"line":249},"19":{"loc":{"start":{"line":252,"column":16},"end":{"line":258,"column":17}},"type":"if","locations":[{"start":{"line":252,"column":16},"end":{"line":258,"column":17}},{"start":{"line":254,"column":23},"end":{"line":258,"column":17}}],"line":252},"20":{"loc":{"start":{"line":254,"column":23},"end":{"line":258,"column":17}},"type":"if","locations":[{"start":{"line":254,"column":23},"end":{"line":258,"column":17}},{"start":{"line":256,"column":23},"end":{"line":258,"column":17}}],"line":254},"21":{"loc":{"start":{"line":257,"column":37},"end":{"line":257,"column":108}},"type":"cond-expr","locations":[{"start":{"line":257,"column":71},"end":{"line":257,"column":88}},{"start":{"line":257,"column":91},"end":{"line":257,"column":108}}],"line":257},"22":{"loc":{"start":{"line":276,"column":20},"end":{"line":308,"column":21}},"type":"if","locations":[{"start":{"line":276,"column":20},"end":{"line":308,"column":21}},{"start":{},"end":{}}],"line":276},"23":{"loc":{"start":{"line":280,"column":28},"end":{"line":283,"column":29}},"type":"if","locations":[{"start":{"line":280,"column":28},"end":{"line":283,"column":29}},{"start":{},"end":{}}],"line":280},"24":{"loc":{"start":{"line":280,"column":32},"end":{"line":280,"column":51}},"type":"binary-expr","locations":[{"start":{"line":280,"column":32},"end":{"line":280,"column":37}},{"start":{"line":280,"column":41},"end":{"line":280,"column":51}}],"line":280},"25":{"loc":{"start":{"line":286,"column":28},"end":{"line":289,"column":29}},"type":"if","locations":[{"start":{"line":286,"column":28},"end":{"line":289,"column":29}},{"start":{},"end":{}}],"line":286},"26":{"loc":{"start":{"line":292,"column":24},"end":{"line":307,"column":25}},"type":"if","locations":[{"start":{"line":292,"column":24},"end":{"line":307,"column":25}},{"start":{},"end":{}}],"line":292},"27":{"loc":{"start":{"line":296,"column":28},"end":{"line":303,"column":29}},"type":"if","locations":[{"start":{"line":296,"column":28},"end":{"line":303,"column":29}},{"start":{},"end":{}}],"line":296},"28":{"loc":{"start":{"line":296,"column":32},"end":{"line":296,"column":80}},"type":"binary-expr","locations":[{"start":{"line":296,"column":32},"end":{"line":296,"column":56}},{"start":{"line":296,"column":60},"end":{"line":296,"column":80}}],"line":296},"29":{"loc":{"start":{"line":311,"column":16},"end":{"line":353,"column":17}},"type":"if","locations":[{"start":{"line":311,"column":16},"end":{"line":353,"column":17}},{"start":{},"end":{}}],"line":311},"30":{"loc":{"start":{"line":313,"column":37},"end":{"line":313,"column":68}},"type":"cond-expr","locations":[{"start":{"line":313,"column":49},"end":{"line":313,"column":61}},{"start":{"line":313,"column":64},"end":{"line":313,"column":68}}],"line":313},"31":{"loc":{"start":{"line":314,"column":37},"end":{"line":314,"column":64}},"type":"cond-expr","locations":[{"start":{"line":314,"column":45},"end":{"line":314,"column":57}},{"start":{"line":314,"column":60},"end":{"line":314,"column":64}}],"line":314},"32":{"loc":{"start":{"line":318,"column":20},"end":{"line":322,"column":21}},"type":"if","locations":[{"start":{"line":318,"column":20},"end":{"line":322,"column":21}},{"start":{},"end":{}}],"line":318},"33":{"loc":{"start":{"line":324,"column":20},"end":{"line":351,"column":21}},"type":"if","locations":[{"start":{"line":324,"column":20},"end":{"line":351,"column":21}},{"start":{},"end":{}}],"line":324},"34":{"loc":{"start":{"line":324,"column":24},"end":{"line":324,"column":41}},"type":"binary-expr","locations":[{"start":{"line":324,"column":24},"end":{"line":324,"column":28}},{"start":{"line":324,"column":32},"end":{"line":324,"column":41}}],"line":324},"35":{"loc":{"start":{"line":327,"column":24},"end":{"line":350,"column":25}},"type":"if","locations":[{"start":{"line":327,"column":24},"end":{"line":350,"column":25}},{"start":{},"end":{}}],"line":327},"36":{"loc":{"start":{"line":328,"column":28},"end":{"line":349,"column":29}},"type":"if","locations":[{"start":{"line":328,"column":28},"end":{"line":349,"column":29}},{"start":{"line":340,"column":35},"end":{"line":349,"column":29}}],"line":328},"37":{"loc":{"start":{"line":330,"column":32},"end":{"line":339,"column":33}},"type":"if","locations":[{"start":{"line":330,"column":32},"end":{"line":339,"column":33}},{"start":{},"end":{}}],"line":330},"38":{"loc":{"start":{"line":331,"column":36},"end":{"line":338,"column":37}},"type":"if","locations":[{"start":{"line":331,"column":36},"end":{"line":338,"column":37}},{"start":{},"end":{}}],"line":331},"39":{"loc":{"start":{"line":331,"column":40},"end":{"line":331,"column":78}},"type":"binary-expr","locations":[{"start":{"line":331,"column":40},"end":{"line":331,"column":58}},{"start":{"line":331,"column":62},"end":{"line":331,"column":78}}],"line":331},"40":{"loc":{"start":{"line":341,"column":32},"end":{"line":348,"column":33}},"type":"if","locations":[{"start":{"line":341,"column":32},"end":{"line":348,"column":33}},{"start":{},"end":{}}],"line":341},"41":{"loc":{"start":{"line":341,"column":36},"end":{"line":341,"column":74}},"type":"binary-expr","locations":[{"start":{"line":341,"column":36},"end":{"line":341,"column":54}},{"start":{"line":341,"column":58},"end":{"line":341,"column":74}}],"line":341},"42":{"loc":{"start":{"line":361,"column":27},"end":{"line":361,"column":46}},"type":"binary-expr","locations":[{"start":{"line":361,"column":27},"end":{"line":361,"column":40}},{"start":{"line":361,"column":44},"end":{"line":361,"column":46}}],"line":361},"43":{"loc":{"start":{"line":362,"column":26},"end":{"line":362,"column":44}},"type":"binary-expr","locations":[{"start":{"line":362,"column":26},"end":{"line":362,"column":38}},{"start":{"line":362,"column":42},"end":{"line":362,"column":44}}],"line":362},"44":{"loc":{"start":{"line":380,"column":4},"end":{"line":382,"column":5}},"type":"if","locations":[{"start":{"line":380,"column":4},"end":{"line":382,"column":5}},{"start":{},"end":{}}],"line":380}},"s":{"0":1,"1":1,"2":1,"3":1,"4":1,"5":7,"6":7,"7":7,"8":1,"9":4,"10":0,"11":4,"12":4,"13":1,"14":1,"15":4,"16":4,"17":3,"18":3,"19":3,"20":3,"21":3,"22":3,"23":0,"24":3,"25":3,"26":0,"27":3,"28":3,"29":3,"30":3,"31":0,"32":0,"33":0,"34":3,"35":3,"36":0,"37":0,"38":3,"39":4,"40":4,"41":4,"42":1,"43":0,"44":0,"45":0,"46":0,"47":0,"48":0,"49":0,"50":1,"51":0,"52":0,"53":0,"54":0,"55":0,"56":0,"57":0,"58":0,"59":0,"60":0,"61":0,"62":0,"63":0,"64":0,"65":0,"66":0,"67":0,"68":0,"69":0,"70":0,"71":0,"72":0,"73":0,"74":0,"75":0,"76":0,"77":0,"78":0,"79":0,"80":0,"81":0,"82":0,"83":0,"84":0,"85":0,"86":0,"87":0,"88":0,"89":0,"90":0,"91":0,"92":0,"93":0,"94":0,"95":0,"96":0,"97":0,"98":0,"99":0,"100":0,"101":0,"102":0,"103":0,"104":0,"105":0,"106":0,"107":0,"108":0,"109":0,"110":0,"111":0,"112":0,"113":0,"114":0,"115":0,"116":0,"117":0,"118":0,"119":0,"120":0,"121":0,"122":0,"123":0,"124":0,"125":0,"126":0,"127":0,"128":0,"129":0,"130":0,"131":0,"132":0,"133":0,"134":0,"135":0,"136":0,"137":0,"138":0,"139":0,"140":0,"141":0,"142":0,"143":0,"144":0,"145":1,"146":1,"147":3,"148":0,"149":3},"f":{"0":7,"1":4,"2":4,"3":0,"4":0,"5":0,"6":0,"7":0,"8":0,"9":0,"10":3},"b":{"0":[3],"1":[0,4],"2":[4,4],"3":[0,3],"4":[3,3],"5":[0,3],"6":[3,0],"7":[3,0],"8":[4,0],"9":[0,0,0],"10":[0,0],"11":[0,0],"12":[0,0],"13":[0,0],"14":[0,0],"15":[0,0],"16":[0,0],"17":[0,0],"18":[0,0],"19":[0,0],"20":[0,0],"21":[0,0],"22":[0,0],"23":[0,0],"24":[0,0],"25":[0,0],"26":[0,0],"27":[0,0],"28":[0,0],"29":[0,0],"30":[0,0],"31":[0,0],"32":[0,0],"33":[0,0],"34":[0,0],"35":[0,0],"36":[0,0],"37":[0,0],"38":[0,0],"39":[0,0],"40":[0,0],"41":[0,0],"42":[0,0],"43":[0,0],"44":[0,3]},"_coverageSchema":"1a1c01bbd47fc00a2c39e90264f33305004495a9","hash":"bdc599f406435db0683b98a794487cc33ff7bc5d"}
,"C:\\Users\\Gunny\\Downloads\\SpeechAnalysisApp\\ai\\routes\\analyzeTone.js": {"path":"C:\\Users\\Gunny\\Downloads\\SpeechAnalysisApp\\ai\\routes\\analyzeTone.js","statementMap":{"0":{"start":{"line":1,"column":16},"end":{"line":1,"column":34}},"1":{"start":{"line":2,"column":15},"end":{"line":2,"column":31}},"2":{"start":{"line":3,"column":24},"end":{"line":3,"column":59}},"3":{"start":{"line":5,"column":0},"end":{"line":26,"column":3}},"4":{"start":{"line":6,"column":4},"end":{"line":25,"column":5}},"5":{"start":{"line":7,"column":25},"end":{"line":7,"column":33}},"6":{"start":{"line":9,"column":8},"end":{"line":14,"column":9}},"7":{"start":{"line":10,"column":12},"end":{"line":13,"column":15}},"8":{"start":{"line":16,"column":29},"end":{"line":16,"column":52}},"9":{"start":{"line":17,"column":8},"end":{"line":17,"column":31}},"10":{"start":{"line":20,"column":8},"end":{"line":20,"column":53}},"11":{"start":{"line":21,"column":8},"end":{"line":24,"column":11}},"12":{"start":{"line":28,"column":0},"end":{"line":28,"column":24}}},"fnMap":{"0":{"name":"(anonymous_0)","decl":{"start":{"line":5,"column":17},"end":{"line":5,"column":18}},"loc":{"start":{"line":5,"column":37},"end":{"line":26,"column":1}},"line":5}},"branchMap":{"0":{"loc":{"start":{"line":9,"column":8},"end":{"line":14,"column":9}},"type":"if","locations":[{"start":{"line":9,"column":8},"end":{"line":14,"column":9}},{"start":{},"end":{}}],"line":9},"1":{"loc":{"start":{"line":9,"column":12},"end":{"line":9,"column":45}},"type":"binary-expr","locations":[{"start":{"line":9,"column":12},"end":{"line":9,"column":17}},{"start":{"line":9,"column":21},"end":{"line":9,"column":45}}],"line":9}},"s":{"0":1,"1":1,"2":1,"3":1,"4":0,"5":0,"6":0,"7":0,"8":0,"9":0,"10":0,"11":0,"12":1},"f":{"0":0},"b":{"0":[0,0],"1":[0,0]},"_coverageSchema":"1a1c01bbd47fc00a2c39e90264f33305004495a9","hash":"48a5a6653bf9b1bdf8c0d9f96156d4d1fdb4467d"}
,"C:\\Users\\Gunny\\Downloads\\SpeechAnalysisApp\\ai\\services\\speechAnalyzer.js": {"path":"C:\\Users\\Gunny\\Downloads\\SpeechAnalysisApp\\ai\\services\\speechAnalyzer.js","statementMap":{"0":{"start":{"line":1,"column":22},"end":{"line":183,"column":1}},"1":{"start":{"line":2,"column":4},"end":{"line":182,"column":5}},"2":{"start":{"line":4,"column":8},"end":{"line":7,"column":9}},"3":{"start":{"line":5,"column":12},"end":{"line":5,"column":67}},"4":{"start":{"line":6,"column":12},"end":{"line":6,"column":59}},"5":{"start":{"line":9,"column":30},"end":{"line":12,"column":9}},"6":{"start":{"line":14,"column":28},"end":{"line":17,"column":9}},"7":{"start":{"line":20,"column":32},"end":{"line":24,"column":9}},"8":{"start":{"line":26,"column":28},"end":{"line":26,"column":30}},"9":{"start":{"line":27,"column":29},"end":{"line":27,"column":31}},"10":{"start":{"line":28,"column":18},"end":{"line":28,"column":30}},"11":{"start":{"line":29,"column":20},"end":{"line":35,"column":9}},"12":{"start":{"line":38,"column":26},"end":{"line":48,"column":9}},"13":{"start":{"line":39,"column":12},"end":{"line":47,"column":13}},"14":{"start":{"line":40,"column":16},"end":{"line":43,"column":28}},"15":{"start":{"line":45,"column":16},"end":{"line":45,"column":61}},"16":{"start":{"line":46,"column":16},"end":{"line":46,"column":61}},"17":{"start":{"line":51,"column":30},"end":{"line":82,"column":9}},"18":{"start":{"line":52,"column":12},"end":{"line":52,"column":44}},"19":{"start":{"line":52,"column":32},"end":{"line":52,"column":44}},"20":{"start":{"line":54,"column":32},"end":{"line":54,"column":58}},"21":{"start":{"line":55,"column":29},"end":{"line":55,"column":54}},"22":{"start":{"line":58,"column":12},"end":{"line":66,"column":13}},"23":{"start":{"line":59,"column":16},"end":{"line":65,"column":18}},"24":{"start":{"line":69,"column":12},"end":{"line":79,"column":13}},"25":{"start":{"line":72,"column":16},"end":{"line":78,"column":18}},"26":{"start":{"line":81,"column":12},"end":{"line":81,"column":24}},"27":{"start":{"line":85,"column":8},"end":{"line":153,"column":9}},"28":{"start":{"line":85,"column":21},"end":{"line":85,"column":22}},"29":{"start":{"line":86,"column":25},"end":{"line":86,"column":33}},"30":{"start":{"line":87,"column":29},"end":{"line":87,"column":60}},"31":{"start":{"line":88,"column":29},"end":{"line":88,"column":56}},"32":{"start":{"line":91,"column":12},"end":{"line":97,"column":13}},"33":{"start":{"line":92,"column":16},"end":{"line":96,"column":17}},"34":{"start":{"line":93,"column":20},"end":{"line":93,"column":47}},"35":{"start":{"line":95,"column":20},"end":{"line":95,"column":53}},"36":{"start":{"line":100,"column":34},"end":{"line":100,"column":73}},"37":{"start":{"line":101,"column":12},"end":{"line":105,"column":13}},"38":{"start":{"line":102,"column":16},"end":{"line":102,"column":49}},"39":{"start":{"line":103,"column":16},"end":{"line":103,"column":37}},"40":{"start":{"line":104,"column":16},"end":{"line":104,"column":25}},"41":{"start":{"line":108,"column":12},"end":{"line":121,"column":13}},"42":{"start":{"line":109,"column":31},"end":{"line":109,"column":76}},"43":{"start":{"line":110,"column":16},"end":{"line":120,"column":17}},"44":{"start":{"line":111,"column":20},"end":{"line":116,"column":23}},"45":{"start":{"line":117,"column":20},"end":{"line":117,"column":40}},"46":{"start":{"line":118,"column":20},"end":{"line":118,"column":24}},"47":{"start":{"line":119,"column":20},"end":{"line":119,"column":29}},"48":{"start":{"line":124,"column":12},"end":{"line":147,"column":13}},"49":{"start":{"line":125,"column":36},"end":{"line":125,"column":56}},"50":{"start":{"line":126,"column":16},"end":{"line":146,"column":17}},"51":{"start":{"line":127,"column":20},"end":{"line":145,"column":21}},"52":{"start":{"line":128,"column":24},"end":{"line":136,"column":25}},"53":{"start":{"line":129,"column":28},"end":{"line":134,"column":31}},"54":{"start":{"line":135,"column":28},"end":{"line":135,"column":48}},"55":{"start":{"line":138,"column":24},"end":{"line":143,"column":27}},"56":{"start":{"line":144,"column":24},"end":{"line":144,"column":44}},"57":{"start":{"line":150,"column":12},"end":{"line":152,"column":13}},"58":{"start":{"line":151,"column":16},"end":{"line":151,"column":79}},"59":{"start":{"line":156,"column":8},"end":{"line":156,"column":90}},"60":{"start":{"line":157,"column":8},"end":{"line":157,"column":74}},"61":{"start":{"line":159,"column":8},"end":{"line":167,"column":10}},"62":{"start":{"line":169,"column":8},"end":{"line":169,"column":56}},"63":{"start":{"line":170,"column":8},"end":{"line":181,"column":10}},"64":{"start":{"line":185,"column":30},"end":{"line":202,"column":1}},"65":{"start":{"line":186,"column":4},"end":{"line":186,"column":50}},"66":{"start":{"line":186,"column":41},"end":{"line":186,"column":50}},"67":{"start":{"line":187,"column":4},"end":{"line":187,"column":39}},"68":{"start":{"line":187,"column":30},"end":{"line":187,"column":39}},"69":{"start":{"line":189,"column":22},"end":{"line":189,"column":25}},"70":{"start":{"line":190,"column":21},"end":{"line":190,"column":22}},"71":{"start":{"line":193,"column":24},"end":{"line":193,"column":67}},"72":{"start":{"line":194,"column":25},"end":{"line":194,"column":69}},"73":{"start":{"line":195,"column":23},"end":{"line":195,"column":82}},"74":{"start":{"line":197,"column":4},"end":{"line":197,"column":35}},"75":{"start":{"line":198,"column":4},"end":{"line":198,"column":36}},"76":{"start":{"line":199,"column":4},"end":{"line":199,"column":34}},"77":{"start":{"line":201,"column":4},"end":{"line":201,"column":59}},"78":{"start":{"line":204,"column":0},"end":{"line":204,"column":35}}},"fnMap":{"0":{"name":"(anonymous_0)","decl":{"start":{"line":1,"column":22},"end":{"line":1,"column":23}},"loc":{"start":{"line":1,"column":33},"end":{"line":183,"column":1}},"line":1},"1":{"name":"(anonymous_1)","decl":{"start":{"line":38,"column":26},"end":{"line":38,"column":27}},"loc":{"start":{"line":38,"column":36},"end":{"line":48,"column":9}},"line":38},"2":{"name":"(anonymous_2)","decl":{"start":{"line":51,"column":30},"end":{"line":51,"column":31}},"loc":{"start":{"line":51,"column":55},"end":{"line":82,"column":9}},"line":51},"3":{"name":"(anonymous_3)","decl":{"start":{"line":185,"column":30},"end":{"line":185,"column":31}},"loc":{"start":{"line":185,"column":53},"end":{"line":202,"column":1}},"line":185}},"branchMap":{"0":{"loc":{"start":{"line":4,"column":8},"end":{"line":7,"column":9}},"type":"if","locations":[{"start":{"line":4,"column":8},"end":{"line":7,"column":9}},{"start":{},"end":{}}],"line":4},"1":{"loc":{"start":{"line":46,"column":23},"end":{"line":46,"column":60}},"type":"cond-expr","locations":[{"start":{"line":46,"column":30},"end":{"line":46,"column":55}},{"start":{"line":46,"column":58},"end":{"line":46,"column":60}}],"line":46},"2":{"loc":{"start":{"line":52,"column":12},"end":{"line":52,"column":44}},"type":"if","locations":[{"start":{"line":52,"column":12},"end":{"line":52,"column":44}},{"start":{},"end":{}}],"line":52},"3":{"loc":{"start":{"line":58,"column":12},"end":{"line":66,"column":13}},"type":"if","locations":[{"start":{"line":58,"column":12},"end":{"line":66,"column":13}},{"start":{},"end":{}}],"line":58},"4":{"loc":{"start":{"line":58,"column":16},"end":{"line":58,"column":52}},"type":"binary-expr","locations":[{"start":{"line":58,"column":16},"end":{"line":58,"column":24}},{"start":{"line":58,"column":28},"end":{"line":58,"column":52}}],"line":58},"5":{"loc":{"start":{"line":69,"column":12},"end":{"line":79,"column":13}},"type":"if","locations":[{"start":{"line":69,"column":12},"end":{"line":79,"column":13}},{"start":{},"end":{}}],"line":69},"6":{"loc":{"start":{"line":69,"column":16},"end":{"line":71,"column":46}},"type":"binary-expr","locations":[{"start":{"line":69,"column":16},"end":{"line":69,"column":41}},{"start":{"line":70,"column":17},"end":{"line":70,"column":66}},{"start":{"line":71,"column":20},"end":{"line":71,"column":45}}],"line":69},"7":{"loc":{"start":{"line":87,"column":29},"end":{"line":87,"column":60}},"type":"cond-expr","locations":[{"start":{"line":87,"column":41},"end":{"line":87,"column":53}},{"start":{"line":87,"column":56},"end":{"line":87,"column":60}}],"line":87},"8":{"loc":{"start":{"line":88,"column":29},"end":{"line":88,"column":56}},"type":"cond-expr","locations":[{"start":{"line":88,"column":37},"end":{"line":88,"column":49}},{"start":{"line":88,"column":52},"end":{"line":88,"column":56}}],"line":88},"9":{"loc":{"start":{"line":91,"column":12},"end":{"line":97,"column":13}},"type":"if","locations":[{"start":{"line":91,"column":12},"end":{"line":97,"column":13}},{"start":{},"end":{}}],"line":91},"10":{"loc":{"start":{"line":92,"column":16},"end":{"line":96,"column":17}},"type":"if","locations":[{"start":{"line":92,"column":16},"end":{"line":96,"column":17}},{"start":{"line":94,"column":23},"end":{"line":96,"column":17}}],"line":92},"11":{"loc":{"start":{"line":92,"column":20},"end":{"line":92,"column":58}},"type":"binary-expr","locations":[{"start":{"line":92,"column":20},"end":{"line":92,"column":27}},{"start":{"line":92,"column":31},"end":{"line":92,"column":58}}],"line":92},"12":{"loc":{"start":{"line":101,"column":12},"end":{"line":105,"column":13}},"type":"if","locations":[{"start":{"line":101,"column":12},"end":{"line":105,"column":13}},{"start":{},"end":{}}],"line":101},"13":{"loc":{"start":{"line":108,"column":12},"end":{"line":121,"column":13}},"type":"if","locations":[{"start":{"line":108,"column":12},"end":{"line":121,"column":13}},{"start":{},"end":{}}],"line":108},"14":{"loc":{"start":{"line":110,"column":16},"end":{"line":120,"column":17}},"type":"if","locations":[{"start":{"line":110,"column":16},"end":{"line":120,"column":17}},{"start":{},"end":{}}],"line":110},"15":{"loc":{"start":{"line":124,"column":12},"end":{"line":147,"column":13}},"type":"if","locations":[{"start":{"line":124,"column":12},"end":{"line":147,"column":13}},{"start":{},"end":{}}],"line":124},"16":{"loc":{"start":{"line":126,"column":16},"end":{"line":146,"column":17}},"type":"if","locations":[{"start":{"line":126,"column":16},"end":{"line":146,"column":17}},{"start":{},"end":{}}],"line":126},"17":{"loc":{"start":{"line":127,"column":20},"end":{"line":145,"column":21}},"type":"if","locations":[{"start":{"line":127,"column":20},"end":{"line":145,"column":21}},{"start":{"line":137,"column":27},"end":{"line":145,"column":21}}],"line":127},"18":{"loc":{"start":{"line":128,"column":24},"end":{"line":136,"column":25}},"type":"if","locations":[{"start":{"line":128,"column":24},"end":{"line":136,"column":25}},{"start":{},"end":{}}],"line":128},"19":{"loc":{"start":{"line":150,"column":12},"end":{"line":152,"column":13}},"type":"if","locations":[{"start":{"line":150,"column":12},"end":{"line":152,"column":13}},{"start":{},"end":{}}],"line":150},"20":{"loc":{"start":{"line":150,"column":16},"end":{"line":150,"column":61}},"type":"binary-expr","locations":[{"start":{"line":150,"column":16},"end":{"line":150,"column":24}},{"start":{"line":150,"column":28},"end":{"line":150,"column":61}}],"line":150},"21":{"loc":{"start":{"line":186,"column":4},"end":{"line":186,"column":50}},"type":"if","locations":[{"start":{"line":186,"column":4},"end":{"line":186,"column":50}},{"start":{},"end":{}}],"line":186},"22":{"loc":{"start":{"line":186,"column":8},"end":{"line":186,"column":39}},"type":"binary-expr","locations":[{"start":{"line":186,"column":8},"end":{"line":186,"column":19}},{"start":{"line":186,"column":23},"end":{"line":186,"column":39}}],"line":186},"23":{"loc":{"start":{"line":187,"column":4},"end":{"line":187,"column":39}},"type":"if","locations":[{"start":{"line":187,"column":4},"end":{"line":187,"column":39}},{"start":{},"end":{}}],"line":187}},"s":{"0":1,"1":7,"2":7,"3":0,"4":0,"5":7,"6":7,"7":7,"8":7,"9":7,"10":7,"11":7,"12":7,"13":15,"14":15,"15":0,"16":0,"17":7,"18":522,"19":0,"20":522,"21":522,"22":522,"23":2,"24":520,"25":2,"26":518,"27":7,"28":7,"29":522,"30":522,"31":522,"32":522,"33":522,"34":7,"35":515,"36":522,"37":522,"38":4,"39":4,"40":4,"41":518,"42":514,"43":514,"44":503,"45":503,"46":503,"47":503,"48":15,"49":15,"50":15,"51":6,"52":3,"53":2,"54":2,"55":3,"56":3,"57":15,"58":0,"59":7,"60":7,"61":7,"62":0,"63":0,"64":1,"65":7,"66":0,"67":7,"68":0,"69":7,"70":7,"71":7,"72":7,"73":7,"74":7,"75":7,"76":7,"77":7,"78":1},"f":{"0":7,"1":15,"2":522,"3":7},"b":{"0":[0,7],"1":[0,0],"2":[0,522],"3":[2,520],"4":[522,515],"5":[2,518],"6":[520,4,4],"7":[517,5],"8":[515,7],"9":[522,0],"10":[7,515],"11":[522,515],"12":[4,518],"13":[514,4],"14":[503,11],"15":[15,0],"16":[6,9],"17":[3,3],"18":[2,1],"19":[0,15],"20":[15,11],"21":[0,7],"22":[7,7],"23":[0,7]},"_coverageSchema":"1a1c01bbd47fc00a2c39e90264f33305004495a9","hash":"00bf2da8b43ab4c6088e9f0e16b9738f2d54e2bc"}
}
