TN:
SF:server.js
FN:40,(anonymous_0)
FN:51,(anonymous_1)
FN:60,(anonymous_2)
FNF:3
FNH:0
FNDA:0,(anonymous_0)
FNDA:0,(anonymous_1)
FNDA:0,(anonymous_2)
DA:2,1
DA:5,1
DA:6,1
DA:7,1
DA:8,1
DA:9,1
DA:12,1
DA:13,1
DA:14,1
DA:15,1
DA:16,1
DA:17,1
DA:18,1
DA:19,1
DA:22,1
DA:29,1
DA:32,1
DA:33,1
DA:36,1
DA:37,1
DA:40,1
DA:41,0
DA:51,1
DA:52,0
DA:53,0
DA:60,1
DA:61,0
DA:65,1
LF:28
LH:24
BRDA:17,0,0,1
BRDA:17,0,1,0
BRDA:23,1,0,1
BRDA:23,1,1,0
BRDA:24,2,0,1
BRDA:24,2,1,0
BRDA:25,3,0,1
BRDA:25,3,1,0
BRDA:45,4,0,0
BRDA:45,4,1,0
BRF:10
BRH:4
end_of_record
TN:
SF:routes\analyzeSpeech.js
FN:10,(anonymous_0)
FN:18,(anonymous_1)
FN:37,(anonymous_2)
FN:85,(anonymous_3)
FN:112,(anonymous_4)
FN:150,(anonymous_5)
FN:165,analyzeSpeech
FN:180,(anonymous_7)
FN:316,(anonymous_8)
FNF:9
FNH:4
FNDA:7,(anonymous_0)
FNDA:4,(anonymous_1)
FNDA:4,(anonymous_2)
FNDA:0,(anonymous_3)
FNDA:0,(anonymous_4)
FNDA:0,(anonymous_5)
FNDA:0,analyzeSpeech
FNDA:0,(anonymous_7)
FNDA:3,(anonymous_8)
DA:1,1
DA:2,1
DA:3,1
DA:4,1
DA:6,1
DA:11,7
DA:12,7
DA:13,7
DA:18,1
DA:19,4
DA:20,0
DA:26,4
DA:27,4
DA:29,1
DA:37,1
DA:38,4
DA:39,4
DA:41,3
DA:42,3
DA:43,3
DA:44,3
DA:47,3
DA:51,3
DA:53,3
DA:54,0
DA:61,3
DA:62,3
DA:63,3
DA:65,3
DA:66,0
DA:67,0
DA:69,0
DA:80,3
DA:81,3
DA:85,0
DA:87,3
DA:95,4
DA:97,4
DA:103,4
DA:112,1
DA:113,0
DA:114,0
DA:116,0
DA:118,0
DA:129,0
DA:136,0
DA:142,0
DA:150,1
DA:151,0
DA:152,0
DA:158,0
DA:160,0
DA:166,0
DA:168,0
DA:169,0
DA:170,0
DA:173,0
DA:174,0
DA:175,0
DA:176,0
DA:177,0
DA:180,0
DA:181,0
DA:183,0
DA:188,0
DA:189,0
DA:194,0
DA:195,0
DA:196,0
DA:197,0
DA:200,0
DA:201,0
DA:202,0
DA:203,0
DA:205,0
DA:208,0
DA:209,0
DA:214,0
DA:215,0
DA:216,0
DA:217,0
DA:220,0
DA:221,0
DA:222,0
DA:224,0
DA:225,0
DA:226,0
DA:227,0
DA:228,0
DA:229,0
DA:230,0
DA:232,0
DA:234,0
DA:235,0
DA:236,0
DA:240,0
DA:241,0
DA:242,0
DA:244,0
DA:245,0
DA:252,0
DA:253,0
DA:254,0
DA:259,0
DA:260,0
DA:261,0
DA:262,0
DA:264,0
DA:265,0
DA:266,0
DA:267,0
DA:268,0
DA:269,0
DA:278,0
DA:279,0
DA:289,0
DA:292,0
DA:293,0
DA:297,0
DA:302,0
DA:303,0
DA:311,1
DA:316,1
DA:317,3
DA:318,0
DA:320,3
LF:126
LH:39
BRDA:10,0,0,3
BRDA:19,1,0,0
BRDA:19,1,1,4
BRDA:19,2,0,4
BRDA:19,2,1,4
BRDA:53,3,0,0
BRDA:53,3,1,3
BRDA:53,4,0,3
BRDA:53,4,1,3
BRDA:65,5,0,0
BRDA:65,5,1,3
BRDA:65,6,0,3
BRDA:65,6,1,0
BRDA:75,7,0,0
BRDA:75,7,1,0
BRDA:80,8,0,3
BRDA:80,8,1,0
BRDA:97,9,0,4
BRDA:97,9,1,0
BRDA:116,10,0,0
BRDA:116,10,1,0
BRDA:116,10,2,0
BRDA:168,11,0,0
BRDA:168,11,1,0
BRDA:189,12,0,0
BRDA:189,12,1,0
BRDA:196,13,0,0
BRDA:196,13,1,0
BRDA:197,14,0,0
BRDA:197,14,1,0
BRDA:197,15,0,0
BRDA:197,15,1,0
BRDA:200,16,0,0
BRDA:200,16,1,0
BRDA:202,17,0,0
BRDA:202,17,1,0
BRDA:205,18,0,0
BRDA:205,18,1,0
BRDA:224,19,0,0
BRDA:224,19,1,0
BRDA:228,20,0,0
BRDA:228,20,1,0
BRDA:228,21,0,0
BRDA:228,21,1,0
BRDA:234,22,0,0
BRDA:234,22,1,0
BRDA:240,23,0,0
BRDA:240,23,1,0
BRDA:244,24,0,0
BRDA:244,24,1,0
BRDA:244,25,0,0
BRDA:244,25,1,0
BRDA:259,26,0,0
BRDA:259,26,1,0
BRDA:261,27,0,0
BRDA:261,27,1,0
BRDA:261,28,0,0
BRDA:261,28,1,0
BRDA:264,29,0,0
BRDA:264,29,1,0
BRDA:265,30,0,0
BRDA:265,30,1,0
BRDA:267,31,0,0
BRDA:267,31,1,0
BRDA:268,32,0,0
BRDA:268,32,1,0
BRDA:268,33,0,0
BRDA:268,33,1,0
BRDA:278,34,0,0
BRDA:278,34,1,0
BRDA:278,35,0,0
BRDA:278,35,1,0
BRDA:298,36,0,0
BRDA:298,36,1,0
BRDA:299,37,0,0
BRDA:299,37,1,0
BRDA:317,38,0,0
BRDA:317,38,1,3
BRF:78
BRH:12
end_of_record
TN:
SF:routes\analyzeTone.js
FN:5,(anonymous_0)
FNF:1
FNH:0
FNDA:0,(anonymous_0)
DA:1,1
DA:2,1
DA:3,1
DA:5,1
DA:6,0
DA:7,0
DA:9,0
DA:10,0
DA:16,0
DA:17,0
DA:20,0
DA:21,0
DA:28,1
LF:13
LH:5
BRDA:9,0,0,0
BRDA:9,0,1,0
BRDA:9,1,0,0
BRDA:9,1,1,0
BRF:4
BRH:0
end_of_record
TN:
SF:services\speechAnalyzer.js
FN:1,(anonymous_0)
FNF:1
FNH:1
FNDA:5,(anonymous_0)
DA:1,1
DA:2,5
DA:3,5
DA:4,5
DA:5,5
DA:7,5
DA:8,511
DA:9,511
DA:12,511
DA:13,508
DA:14,508
DA:15,503
DA:21,503
DA:22,503
DA:27,8
DA:29,2
DA:31,1
DA:38,2
DA:42,6
DA:43,2
DA:52,5
DA:58,1
LF:22
LH:22
BRDA:12,0,0,508
BRDA:12,0,1,3
BRDA:14,1,0,503
BRDA:14,1,1,5
BRDA:27,2,0,2
BRDA:27,2,1,6
BRDA:29,3,0,1
BRDA:29,3,1,1
BRDA:29,4,0,2
BRDA:29,4,1,1
BRDA:29,4,2,1
BRDA:42,5,0,2
BRDA:42,5,1,4
BRF:13
BRH:13
end_of_record
