TN:
SF:server.js
FN:40,(anonymous_0)
FN:51,(anonymous_1)
FN:60,(anonymous_2)
FNF:3
FNH:0
FNDA:0,(anonymous_0)
FNDA:0,(anonymous_1)
FNDA:0,(anonymous_2)
DA:2,1
DA:5,1
DA:6,1
DA:7,1
DA:8,1
DA:9,1
DA:12,1
DA:13,1
DA:14,1
DA:15,1
DA:16,1
DA:17,1
DA:18,1
DA:19,1
DA:22,1
DA:29,1
DA:32,1
DA:33,1
DA:36,1
DA:37,1
DA:40,1
DA:41,0
DA:51,1
DA:52,0
DA:53,0
DA:60,1
DA:61,0
DA:65,1
LF:28
LH:24
BRDA:17,0,0,1
BRDA:17,0,1,0
BRDA:23,1,0,1
BRDA:23,1,1,0
BRDA:24,2,0,1
BRDA:24,2,1,0
BRDA:25,3,0,1
BRDA:25,3,1,0
BRDA:45,4,0,0
BRDA:45,4,1,0
BRF:10
BRH:4
end_of_record
TN:
SF:routes\analyzeSpeech.js
FN:10,(anonymous_0)
FN:18,(anonymous_1)
FN:37,(anonymous_2)
FN:49,(anonymous_3)
FN:89,(anonymous_4)
FN:116,(anonymous_5)
FN:154,(anonymous_6)
FN:169,analyzeSpeech
FN:195,(anonymous_8)
FN:232,(anonymous_9)
FN:379,(anonymous_10)
FNF:11
FNH:4
FNDA:7,(anonymous_0)
FNDA:4,(anonymous_1)
FNDA:4,(anonymous_2)
FNDA:0,(anonymous_3)
FNDA:0,(anonymous_4)
FNDA:0,(anonymous_5)
FNDA:0,(anonymous_6)
FNDA:0,analyzeSpeech
FNDA:0,(anonymous_8)
FNDA:0,(anonymous_9)
FNDA:3,(anonymous_10)
DA:1,1
DA:2,1
DA:3,1
DA:4,1
DA:6,1
DA:11,7
DA:12,7
DA:13,7
DA:18,1
DA:19,4
DA:20,0
DA:26,4
DA:27,4
DA:29,1
DA:37,1
DA:38,4
DA:39,4
DA:41,3
DA:42,3
DA:43,3
DA:44,3
DA:45,3
DA:47,3
DA:50,0
DA:57,3
DA:58,3
DA:59,0
DA:66,3
DA:67,3
DA:68,3
DA:70,3
DA:71,0
DA:72,0
DA:74,0
DA:85,3
DA:86,3
DA:89,0
DA:91,3
DA:99,4
DA:101,4
DA:107,4
DA:116,1
DA:117,0
DA:118,0
DA:120,0
DA:122,0
DA:133,0
DA:140,0
DA:146,0
DA:154,1
DA:155,0
DA:156,0
DA:162,0
DA:164,0
DA:170,0
DA:172,0
DA:173,0
DA:174,0
DA:177,0
DA:182,0
DA:188,0
DA:195,0
DA:196,0
DA:198,0
DA:199,0
DA:200,0
DA:203,0
DA:204,0
DA:214,0
DA:215,0
DA:224,0
DA:227,0
DA:228,0
DA:229,0
DA:232,0
DA:233,0
DA:235,0
DA:240,0
DA:241,0
DA:246,0
DA:247,0
DA:248,0
DA:249,0
DA:252,0
DA:253,0
DA:254,0
DA:255,0
DA:257,0
DA:260,0
DA:261,0
DA:266,0
DA:267,0
DA:268,0
DA:269,0
DA:272,0
DA:273,0
DA:274,0
DA:276,0
DA:277,0
DA:278,0
DA:279,0
DA:280,0
DA:281,0
DA:282,0
DA:284,0
DA:286,0
DA:287,0
DA:288,0
DA:292,0
DA:293,0
DA:294,0
DA:296,0
DA:297,0
DA:304,0
DA:305,0
DA:306,0
DA:311,0
DA:312,0
DA:313,0
DA:314,0
DA:317,0
DA:318,0
DA:319,0
DA:320,0
DA:321,0
DA:324,0
DA:325,0
DA:327,0
DA:328,0
DA:329,0
DA:330,0
DA:331,0
DA:332,0
DA:341,0
DA:342,0
DA:352,0
DA:355,0
DA:356,0
DA:360,0
DA:365,0
DA:366,0
DA:374,1
DA:379,1
DA:380,3
DA:381,0
DA:383,3
LF:146
LH:40
BRDA:10,0,0,3
BRDA:19,1,0,0
BRDA:19,1,1,4
BRDA:19,2,0,4
BRDA:19,2,1,4
BRDA:58,3,0,0
BRDA:58,3,1,3
BRDA:58,4,0,3
BRDA:58,4,1,3
BRDA:70,5,0,0
BRDA:70,5,1,3
BRDA:70,6,0,3
BRDA:70,6,1,0
BRDA:85,7,0,3
BRDA:85,7,1,0
BRDA:101,8,0,4
BRDA:101,8,1,0
BRDA:120,9,0,0
BRDA:120,9,1,0
BRDA:120,9,2,0
BRDA:172,10,0,0
BRDA:172,10,1,0
BRDA:196,11,0,0
BRDA:196,11,1,0
BRDA:203,12,0,0
BRDA:203,12,1,0
BRDA:214,13,0,0
BRDA:214,13,1,0
BRDA:214,14,0,0
BRDA:214,14,1,0
BRDA:241,15,0,0
BRDA:241,15,1,0
BRDA:248,16,0,0
BRDA:248,16,1,0
BRDA:249,17,0,0
BRDA:249,17,1,0
BRDA:249,18,0,0
BRDA:249,18,1,0
BRDA:252,19,0,0
BRDA:252,19,1,0
BRDA:254,20,0,0
BRDA:254,20,1,0
BRDA:257,21,0,0
BRDA:257,21,1,0
BRDA:276,22,0,0
BRDA:276,22,1,0
BRDA:280,23,0,0
BRDA:280,23,1,0
BRDA:280,24,0,0
BRDA:280,24,1,0
BRDA:286,25,0,0
BRDA:286,25,1,0
BRDA:292,26,0,0
BRDA:292,26,1,0
BRDA:296,27,0,0
BRDA:296,27,1,0
BRDA:296,28,0,0
BRDA:296,28,1,0
BRDA:311,29,0,0
BRDA:311,29,1,0
BRDA:313,30,0,0
BRDA:313,30,1,0
BRDA:314,31,0,0
BRDA:314,31,1,0
BRDA:318,32,0,0
BRDA:318,32,1,0
BRDA:324,33,0,0
BRDA:324,33,1,0
BRDA:324,34,0,0
BRDA:324,34,1,0
BRDA:327,35,0,0
BRDA:327,35,1,0
BRDA:328,36,0,0
BRDA:328,36,1,0
BRDA:330,37,0,0
BRDA:330,37,1,0
BRDA:331,38,0,0
BRDA:331,38,1,0
BRDA:331,39,0,0
BRDA:331,39,1,0
BRDA:341,40,0,0
BRDA:341,40,1,0
BRDA:341,41,0,0
BRDA:341,41,1,0
BRDA:361,42,0,0
BRDA:361,42,1,0
BRDA:362,43,0,0
BRDA:362,43,1,0
BRDA:380,44,0,0
BRDA:380,44,1,3
BRF:90
BRH:12
end_of_record
TN:
SF:routes\analyzeTone.js
FN:5,(anonymous_0)
FNF:1
FNH:0
FNDA:0,(anonymous_0)
DA:1,1
DA:2,1
DA:3,1
DA:5,1
DA:6,0
DA:7,0
DA:9,0
DA:10,0
DA:16,0
DA:17,0
DA:20,0
DA:21,0
DA:28,1
LF:13
LH:5
BRDA:9,0,0,0
BRDA:9,0,1,0
BRDA:9,1,0,0
BRDA:9,1,1,0
BRF:4
BRH:0
end_of_record
TN:
SF:services\speechAnalyzer.js
FN:1,(anonymous_0)
FN:38,(anonymous_1)
FN:51,(anonymous_2)
FN:185,(anonymous_3)
FNF:4
FNH:4
FNDA:7,(anonymous_0)
FNDA:15,(anonymous_1)
FNDA:522,(anonymous_2)
FNDA:7,(anonymous_3)
DA:1,1
DA:2,7
DA:4,7
DA:5,0
DA:6,0
DA:9,7
DA:14,7
DA:20,7
DA:26,7
DA:27,7
DA:28,7
DA:29,7
DA:38,7
DA:39,15
DA:40,15
DA:45,0
DA:46,0
DA:51,7
DA:52,522
DA:54,522
DA:55,522
DA:58,522
DA:59,2
DA:69,520
DA:72,2
DA:81,518
DA:85,7
DA:86,522
DA:87,522
DA:88,522
DA:91,522
DA:92,522
DA:93,7
DA:95,515
DA:100,522
DA:101,522
DA:102,4
DA:103,4
DA:104,4
DA:108,518
DA:109,514
DA:110,514
DA:111,503
DA:117,503
DA:118,503
DA:119,503
DA:124,15
DA:125,15
DA:126,15
DA:127,6
DA:128,3
DA:129,2
DA:135,2
DA:138,3
DA:144,3
DA:150,15
DA:151,0
DA:156,7
DA:157,7
DA:159,7
DA:169,0
DA:170,0
DA:185,1
DA:186,7
DA:187,7
DA:189,7
DA:190,7
DA:193,7
DA:194,7
DA:195,7
DA:197,7
DA:198,7
DA:199,7
DA:201,7
DA:204,1
LF:75
LH:68
BRDA:4,0,0,0
BRDA:4,0,1,7
BRDA:46,1,0,0
BRDA:46,1,1,0
BRDA:52,2,0,0
BRDA:52,2,1,522
BRDA:58,3,0,2
BRDA:58,3,1,520
BRDA:58,4,0,522
BRDA:58,4,1,515
BRDA:69,5,0,2
BRDA:69,5,1,518
BRDA:69,6,0,520
BRDA:69,6,1,4
BRDA:69,6,2,4
BRDA:87,7,0,517
BRDA:87,7,1,5
BRDA:88,8,0,515
BRDA:88,8,1,7
BRDA:91,9,0,522
BRDA:91,9,1,0
BRDA:92,10,0,7
BRDA:92,10,1,515
BRDA:92,11,0,522
BRDA:92,11,1,515
BRDA:101,12,0,4
BRDA:101,12,1,518
BRDA:108,13,0,514
BRDA:108,13,1,4
BRDA:110,14,0,503
BRDA:110,14,1,11
BRDA:124,15,0,15
BRDA:124,15,1,0
BRDA:126,16,0,6
BRDA:126,16,1,9
BRDA:127,17,0,3
BRDA:127,17,1,3
BRDA:128,18,0,2
BRDA:128,18,1,1
BRDA:150,19,0,0
BRDA:150,19,1,15
BRDA:150,20,0,15
BRDA:150,20,1,11
BRDA:186,21,0,0
BRDA:186,21,1,7
BRDA:186,22,0,7
BRDA:186,22,1,7
BRDA:187,23,0,0
BRDA:187,23,1,7
BRF:49
BRH:40
end_of_record
